<?xml version="1.0" encoding="UTF-8"?>
<robot generator="Robot 6.1 (Python 3.10.6 on linux)" generated="20230704 12:45:55.558" rpa="false" schemaversion="4">
<suite id="s1" name="3 Dep Details Remove Worker" source="/home/guy/Desktop/robotframework/3_dep_details_remove_worker.robot">
<test id="s1-t1" name="Remove 1 Worker" line="16">
<kw name="Lunch Application">
<kw name="Open Application" library="AppiumLibrary">
<arg>${REMOTE_URL}</arg>
<arg>platformName=${platformName}</arg>
<arg>appium:platformVersion=${appium:platformVersion}</arg>
<arg>appium:deviceName=${appium:deviceName}</arg>
<arg>appium:automationName=${appium:automationName}</arg>
<arg>appium:ensureWebviewsHavePages=${appium:ensureWebviewsHavePages}</arg>
<arg>appium:nativeWebScreenshot=${appium:nativeWebScreenshot}</arg>
<arg>appium:newCommandTimeout=${appium:newCommandTimeout}</arg>
<arg>appium:connectHardwareKeyboard=${appium:connectHardwareKeyboard}</arg>
<doc>Opens a new application to given Appium server.
Capabilities of appium server, Android and iOS,
Please check https://github.com/appium/appium/blob/master/docs/en/writing-running-appium/server-args.md
| *Option*            | *Man.* | *Description*     |
| remote_url          | Yes    | Appium server url |
| alias               | no     | alias             |
| strict_ssl          | No     | allows you to send commands to an invalid certificate host like a self-signed one. |</doc>
<status status="PASS" starttime="20230704 12:45:55.693" endtime="20230704 12:45:59.405"/>
</kw>
<status status="PASS" starttime="20230704 12:45:55.692" endtime="20230704 12:45:59.406"/>
</kw>
<kw name="Login To App">
<kw name="Input Text" library="AppiumLibrary">
<arg>xpath=//hierarchy/android.widget.FrameLayout/android.widget.LinearLayout/android.widget.FrameLayout/android.widget.LinearLayout/android.widget.FrameLayout/android.widget.FrameLayout/android.widget.FrameLayout/android.widget.FrameLayout/android.view.ViewGroup/android.view.ViewGroup/android.view.ViewGroup/android.view.ViewGroup/android.view.ViewGroup/android.view.ViewGroup/android.view.ViewGroup/android.view.ViewGroup/android.view.ViewGroup/android.view.ViewGroup[1]/android.view.ViewGroup[1]/android.widget.EditText</arg>
<arg>ghateley0</arg>
<doc>Types the given `text` into text field identified by `locator`.</doc>
<msg timestamp="20230704 12:45:59.410" level="INFO">Typing text 'ghateley0' into text field 'xpath=//hierarchy/android.widget.FrameLayout/android.widget.LinearLayout/android.widget.FrameLayout/android.widget.LinearLayout/android.widget.FrameLayout/android.widget.FrameLayout/android.widget.FrameLayout/android.widget.FrameLayout/android.view.ViewGroup/android.view.ViewGroup/android.view.ViewGroup/android.view.ViewGroup/android.view.ViewGroup/android.view.ViewGroup/android.view.ViewGroup/android.view.ViewGroup/android.view.ViewGroup/android.view.ViewGroup[1]/android.view.ViewGroup[1]/android.widget.EditText'</msg>
<msg timestamp="20230704 12:46:00.358" level="INFO">xpath criteria: //hierarchy/android.widget.FrameLayout/android.widget.LinearLayout/android.widget.FrameLayout/android.widget.LinearLayout/android.widget.FrameLayout/android.widget.FrameLayout/android.widget.FrameLayout/android.widget.FrameLayout/android.view.ViewGroup/android.view.ViewGroup/android.view.ViewGroup/android.view.ViewGroup/android.view.ViewGroup/android.view.ViewGroup/android.view.ViewGroup/android.view.ViewGroup/android.view.ViewGroup/android.view.ViewGroup[1]/android.view.ViewGroup[1]/android.widget.EditText</msg>
<status status="PASS" starttime="20230704 12:45:59.407" endtime="20230704 12:46:00.358"/>
</kw>
<kw name="Input Password" library="AppiumLibrary">
<arg>xpath=//hierarchy/android.widget.FrameLayout/android.widget.LinearLayout/android.widget.FrameLayout/android.widget.LinearLayout/android.widget.FrameLayout/android.widget.FrameLayout/android.widget.FrameLayout/android.widget.FrameLayout/android.view.ViewGroup/android.view.ViewGroup/android.view.ViewGroup/android.view.ViewGroup/android.view.ViewGroup/android.view.ViewGroup/android.view.ViewGroup/android.view.ViewGroup/android.view.ViewGroup/android.view.ViewGroup[1]/android.view.ViewGroup[2]/android.view.ViewGroup/android.widget.EditText</arg>
<arg>BtNMJU</arg>
<doc>Types the given password into text field identified by `locator`.</doc>
<msg timestamp="20230704 12:46:00.362" level="INFO">Typing password into text field 'xpath=//hierarchy/android.widget.FrameLayout/android.widget.LinearLayout/android.widget.FrameLayout/android.widget.LinearLayout/android.widget.FrameLayout/android.widget.FrameLayout/android.widget.FrameLayout/android.widget.FrameLayout/android.view.ViewGroup/android.view.ViewGroup/android.view.ViewGroup/android.view.ViewGroup/android.view.ViewGroup/android.view.ViewGroup/android.view.ViewGroup/android.view.ViewGroup/android.view.ViewGroup/android.view.ViewGroup[1]/android.view.ViewGroup[2]/android.view.ViewGroup/android.widget.EditText'</msg>
<msg timestamp="20230704 12:46:01.975" level="INFO">xpath criteria: //hierarchy/android.widget.FrameLayout/android.widget.LinearLayout/android.widget.FrameLayout/android.widget.LinearLayout/android.widget.FrameLayout/android.widget.FrameLayout/android.widget.FrameLayout/android.widget.FrameLayout/android.view.ViewGroup/android.view.ViewGroup/android.view.ViewGroup/android.view.ViewGroup/android.view.ViewGroup/android.view.ViewGroup/android.view.ViewGroup/android.view.ViewGroup/android.view.ViewGroup/android.view.ViewGroup[1]/android.view.ViewGroup[2]/android.view.ViewGroup/android.widget.EditText</msg>
<status status="PASS" starttime="20230704 12:46:00.359" endtime="20230704 12:46:01.976"/>
</kw>
<kw name="Click Element" library="AppiumLibrary">
<arg>xpath=//hierarchy/android.widget.FrameLayout/android.widget.LinearLayout/android.widget.FrameLayout/android.widget.LinearLayout/android.widget.FrameLayout/android.widget.FrameLayout/android.widget.FrameLayout/android.widget.FrameLayout/android.view.ViewGroup/android.view.ViewGroup/android.view.ViewGroup/android.view.ViewGroup/android.view.ViewGroup/android.view.ViewGroup/android.view.ViewGroup/android.view.ViewGroup/android.view.ViewGroup/android.view.ViewGroup[2]</arg>
<doc>Click element identified by `locator`.</doc>
<msg timestamp="20230704 12:46:01.989" level="INFO">Clicking element 'xpath=//hierarchy/android.widget.FrameLayout/android.widget.LinearLayout/android.widget.FrameLayout/android.widget.LinearLayout/android.widget.FrameLayout/android.widget.FrameLayout/android.widget.FrameLayout/android.widget.FrameLayout/android.view.ViewGroup/android.view.ViewGroup/android.view.ViewGroup/android.view.ViewGroup/android.view.ViewGroup/android.view.ViewGroup/android.view.ViewGroup/android.view.ViewGroup/android.view.ViewGroup/android.view.ViewGroup[2]'.</msg>
<msg timestamp="20230704 12:46:02.586" level="INFO">xpath criteria: //hierarchy/android.widget.FrameLayout/android.widget.LinearLayout/android.widget.FrameLayout/android.widget.LinearLayout/android.widget.FrameLayout/android.widget.FrameLayout/android.widget.FrameLayout/android.widget.FrameLayout/android.view.ViewGroup/android.view.ViewGroup/android.view.ViewGroup/android.view.ViewGroup/android.view.ViewGroup/android.view.ViewGroup/android.view.ViewGroup/android.view.ViewGroup/android.view.ViewGroup/android.view.ViewGroup[2]</msg>
<status status="PASS" starttime="20230704 12:46:01.978" endtime="20230704 12:46:02.587"/>
</kw>
<status status="PASS" starttime="20230704 12:45:59.406" endtime="20230704 12:46:02.587"/>
</kw>
<kw name="Go to Boiling Detail Page">
<kw name="Wait Until Page Contains" library="AppiumLibrary">
<arg>Dashboard</arg>
<doc>Waits until `text` appears on current page.</doc>
<status status="PASS" starttime="20230704 12:46:02.588" endtime="20230704 12:46:04.251"/>
</kw>
<kw name="Wait Until Page Contains" library="AppiumLibrary">
<arg>Boiling</arg>
<doc>Waits until `text` appears on current page.</doc>
<status status="PASS" starttime="20230704 12:46:04.252" endtime="20230704 12:46:04.363"/>
</kw>
<kw name="Click Element" library="AppiumLibrary">
<arg>xpath=//hierarchy/android.widget.FrameLayout/android.widget.LinearLayout/android.widget.FrameLayout/android.widget.LinearLayout/android.widget.FrameLayout/android.widget.FrameLayout/android.widget.FrameLayout/android.widget.FrameLayout/android.view.ViewGroup/android.view.ViewGroup/android.view.ViewGroup/android.view.ViewGroup/android.view.ViewGroup/android.view.ViewGroup/android.view.ViewGroup/android.view.ViewGroup/android.view.ViewGroup/android.view.ViewGroup[1]/android.widget.FrameLayout/android.view.ViewGroup/android.view.ViewGroup/android.view.ViewGroup/android.view.ViewGroup/android.view.ViewGroup/android.view.ViewGroup/android.view.ViewGroup/android.view.ViewGroup/android.view.ViewGroup/android.view.ViewGroup[2]/android.widget.ScrollView/android.view.ViewGroup/android.view.ViewGroup[2]/android.view.ViewGroup/android.view.ViewGroup[1]/android.widget.TextView[2]</arg>
<doc>Click element identified by `locator`.</doc>
<msg timestamp="20230704 12:46:04.365" level="INFO">Clicking element 'xpath=//hierarchy/android.widget.FrameLayout/android.widget.LinearLayout/android.widget.FrameLayout/android.widget.LinearLayout/android.widget.FrameLayout/android.widget.FrameLayout/android.widget.FrameLayout/android.widget.FrameLayout/android.view.ViewGroup/android.view.ViewGroup/android.view.ViewGroup/android.view.ViewGroup/android.view.ViewGroup/android.view.ViewGroup/android.view.ViewGroup/android.view.ViewGroup/android.view.ViewGroup/android.view.ViewGroup[1]/android.widget.FrameLayout/android.view.ViewGroup/android.view.ViewGroup/android.view.ViewGroup/android.view.ViewGroup/android.view.ViewGroup/android.view.ViewGroup/android.view.ViewGroup/android.view.ViewGroup/android.view.ViewGroup/android.view.ViewGroup[2]/android.widget.ScrollView/android.view.ViewGroup/android.view.ViewGroup[2]/android.view.ViewGroup/android.view.ViewGroup[1]/android.widget.TextView[2]'.</msg>
<msg timestamp="20230704 12:46:04.505" level="INFO">xpath criteria: //hierarchy/android.widget.FrameLayout/android.widget.LinearLayout/android.widget.FrameLayout/android.widget.LinearLayout/android.widget.FrameLayout/android.widget.FrameLayout/android.widget.FrameLayout/android.widget.FrameLayout/android.view.ViewGroup/android.view.ViewGroup/android.view.ViewGroup/android.view.ViewGroup/android.view.ViewGroup/android.view.ViewGroup/android.view.ViewGroup/android.view.ViewGroup/android.view.ViewGroup/android.view.ViewGroup[1]/android.widget.FrameLayout/android.view.ViewGroup/android.view.ViewGroup/android.view.ViewGroup/android.view.ViewGroup/android.view.ViewGroup/android.view.ViewGroup/android.view.ViewGroup/android.view.ViewGroup/android.view.ViewGroup/android.view.ViewGroup[2]/android.widget.ScrollView/android.view.ViewGroup/android.view.ViewGroup[2]/android.view.ViewGroup/android.view.ViewGroup[1]/android.widget.TextView[2]</msg>
<status status="PASS" starttime="20230704 12:46:04.363" endtime="20230704 12:46:04.505"/>
</kw>
<kw name="Wait Until Page Contains" library="AppiumLibrary">
<arg>ไม่สำเร็จในเวลา</arg>
<doc>Waits until `text` appears on current page.</doc>
<status status="PASS" starttime="20230704 12:46:04.505" endtime="20230704 12:46:08.316"/>
</kw>
<status status="PASS" starttime="20230704 12:46:02.588" endtime="20230704 12:46:08.316"/>
</kw>
<kw name="Select Work Plan Table">
<kw name="Click Element" library="AppiumLibrary">
<arg>xpath=//android.view.View[@content-desc="Work Plan"]</arg>
<doc>Click element identified by `locator`.</doc>
<msg timestamp="20230704 12:46:08.319" level="INFO">Clicking element 'xpath=//android.view.View[@content-desc="Work Plan"]'.</msg>
<msg timestamp="20230704 12:46:08.504" level="INFO">xpath criteria: //android.view.View[@content-desc="Work Plan"]</msg>
<status status="PASS" starttime="20230704 12:46:08.317" endtime="20230704 12:46:08.505"/>
</kw>
<status status="PASS" starttime="20230704 12:46:08.316" endtime="20230704 12:46:08.505"/>
</kw>
<kw name="Open Remove Worker Page">
<kw name="Click Element" library="AppiumLibrary">
<arg>xpath=//hierarchy/android.widget.FrameLayout/android.widget.LinearLayout/android.widget.FrameLayout/android.widget.LinearLayout/android.widget.FrameLayout/android.widget.FrameLayout/android.widget.FrameLayout/android.widget.FrameLayout/android.view.ViewGroup/android.view.ViewGroup/android.view.ViewGroup/android.view.ViewGroup/android.view.ViewGroup/android.view.ViewGroup/android.view.ViewGroup/android.view.ViewGroup/android.view.ViewGroup/android.view.ViewGroup[1]/android.widget.FrameLayout/android.view.ViewGroup/android.view.ViewGroup/android.view.ViewGroup/android.view.ViewGroup/android.view.ViewGroup/android.view.ViewGroup/android.view.ViewGroup/android.view.ViewGroup/android.view.ViewGroup/android.view.ViewGroup/android.view.ViewGroup[3]/android.view.ViewGroup[2]/android.view.ViewGroup[2]/android.widget.Button</arg>
<doc>Click element identified by `locator`.</doc>
<msg timestamp="20230704 12:46:08.510" level="INFO">Clicking element 'xpath=//hierarchy/android.widget.FrameLayout/android.widget.LinearLayout/android.widget.FrameLayout/android.widget.LinearLayout/android.widget.FrameLayout/android.widget.FrameLayout/android.widget.FrameLayout/android.widget.FrameLayout/android.view.ViewGroup/android.view.ViewGroup/android.view.ViewGroup/android.view.ViewGroup/android.view.ViewGroup/android.view.ViewGroup/android.view.ViewGroup/android.view.ViewGroup/android.view.ViewGroup/android.view.ViewGroup[1]/android.widget.FrameLayout/android.view.ViewGroup/android.view.ViewGroup/android.view.ViewGroup/android.view.ViewGroup/android.view.ViewGroup/android.view.ViewGroup/android.view.ViewGroup/android.view.ViewGroup/android.view.ViewGroup/android.view.ViewGroup/android.view.ViewGroup[3]/android.view.ViewGroup[2]/android.view.ViewGroup[2]/android.widget.Button'.</msg>
<msg timestamp="20230704 12:46:08.756" level="INFO">xpath criteria: //hierarchy/android.widget.FrameLayout/android.widget.LinearLayout/android.widget.FrameLayout/android.widget.LinearLayout/android.widget.FrameLayout/android.widget.FrameLayout/android.widget.FrameLayout/android.widget.FrameLayout/android.view.ViewGroup/android.view.ViewGroup/android.view.ViewGroup/android.view.ViewGroup/android.view.ViewGroup/android.view.ViewGroup/android.view.ViewGroup/android.view.ViewGroup/android.view.ViewGroup/android.view.ViewGroup[1]/android.widget.FrameLayout/android.view.ViewGroup/android.view.ViewGroup/android.view.ViewGroup/android.view.ViewGroup/android.view.ViewGroup/android.view.ViewGroup/android.view.ViewGroup/android.view.ViewGroup/android.view.ViewGroup/android.view.ViewGroup/android.view.ViewGroup[3]/android.view.ViewGroup[2]/android.view.ViewGroup[2]/android.widget.Button</msg>
<status status="PASS" starttime="20230704 12:46:08.507" endtime="20230704 12:46:08.757"/>
</kw>
<kw name="Wait Until Page Contains" library="AppiumLibrary">
<arg>พนักงาน</arg>
<doc>Waits until `text` appears on current page.</doc>
<status status="PASS" starttime="20230704 12:46:08.757" endtime="20230704 12:46:10.975"/>
</kw>
<status status="PASS" starttime="20230704 12:46:08.506" endtime="20230704 12:46:10.976"/>
</kw>
<kw name="Select 1 Worker">
<kw name="Click Element" library="AppiumLibrary">
<arg>xpath=//hierarchy/android.widget.FrameLayout/android.widget.LinearLayout/android.widget.FrameLayout/android.widget.FrameLayout/android.view.ViewGroup/android.view.ViewGroup/android.view.ViewGroup/android.view.ViewGroup/android.view.ViewGroup[2]/android.view.ViewGroup/android.view.ViewGroup/android.view.ViewGroup[2]/android.view.ViewGroup[1]/android.widget.HorizontalScrollView/android.view.ViewGroup/android.view.ViewGroup/android.view.ViewGroup/android.widget.ScrollView/android.view.ViewGroup/android.view.ViewGroup[1]/android.view.ViewGroup/android.view.ViewGroup[1]/android.widget.CheckBox/android.view.ViewGroup/android.widget.TextView</arg>
<doc>Click element identified by `locator`.</doc>
<msg timestamp="20230704 12:46:10.979" level="INFO">Clicking element 'xpath=//hierarchy/android.widget.FrameLayout/android.widget.LinearLayout/android.widget.FrameLayout/android.widget.FrameLayout/android.view.ViewGroup/android.view.ViewGroup/android.view.ViewGroup/android.view.ViewGroup/android.view.ViewGroup[2]/android.view.ViewGroup/android.view.ViewGroup/android.view.ViewGroup[2]/android.view.ViewGroup[1]/android.widget.HorizontalScrollView/android.view.ViewGroup/android.view.ViewGroup/android.view.ViewGroup/android.widget.ScrollView/android.view.ViewGroup/android.view.ViewGroup[1]/android.view.ViewGroup/android.view.ViewGroup[1]/android.widget.CheckBox/android.view.ViewGroup/android.widget.TextView'.</msg>
<msg timestamp="20230704 12:46:11.087" level="INFO">xpath criteria: //hierarchy/android.widget.FrameLayout/android.widget.LinearLayout/android.widget.FrameLayout/android.widget.FrameLayout/android.view.ViewGroup/android.view.ViewGroup/android.view.ViewGroup/android.view.ViewGroup/android.view.ViewGroup[2]/android.view.ViewGroup/android.view.ViewGroup/android.view.ViewGroup[2]/android.view.ViewGroup[1]/android.widget.HorizontalScrollView/android.view.ViewGroup/android.view.ViewGroup/android.view.ViewGroup/android.widget.ScrollView/android.view.ViewGroup/android.view.ViewGroup[1]/android.view.ViewGroup/android.view.ViewGroup[1]/android.widget.CheckBox/android.view.ViewGroup/android.widget.TextView</msg>
<status status="PASS" starttime="20230704 12:46:10.977" endtime="20230704 12:46:11.088"/>
</kw>
<status status="PASS" starttime="20230704 12:46:10.976" endtime="20230704 12:46:11.088"/>
</kw>
<kw name="Go to Confirm Page">
<kw name="Wait Until Page Contains" library="AppiumLibrary">
<arg>Next</arg>
<doc>Waits until `text` appears on current page.</doc>
<status status="PASS" starttime="20230704 12:46:11.089" endtime="20230704 12:46:11.168"/>
</kw>
<kw name="Click Text" library="AppiumLibrary">
<arg>Next</arg>
<doc>Click text identified by ``text``.</doc>
<msg timestamp="20230704 12:46:11.287" level="INFO">xpath criteria: //*[contains(@text,"Next")]</msg>
<status status="PASS" starttime="20230704 12:46:11.169" endtime="20230704 12:46:11.287"/>
</kw>
<status status="PASS" starttime="20230704 12:46:11.088" endtime="20230704 12:46:11.288"/>
</kw>
<kw name="Confirm Remove Worker">
<kw name="Wait Until Page Contains" library="AppiumLibrary">
<arg>Confirm</arg>
<doc>Waits until `text` appears on current page.</doc>
<status status="PASS" starttime="20230704 12:46:11.288" endtime="20230704 12:46:13.339"/>
</kw>
<kw name="Click Text" library="AppiumLibrary">
<arg>Confirm</arg>
<doc>Click text identified by ``text``.</doc>
<msg timestamp="20230704 12:46:13.443" level="INFO">xpath criteria: //*[contains(@text,"Confirm")]</msg>
<status status="PASS" starttime="20230704 12:46:13.340" endtime="20230704 12:46:13.443"/>
</kw>
<status status="PASS" starttime="20230704 12:46:11.288" endtime="20230704 12:46:13.444"/>
</kw>
<kw name="See Notification Text">
<arg>Remove worker successful</arg>
<kw name="Wait Until Page Contains" library="AppiumLibrary">
<arg>${text}</arg>
<doc>Waits until `text` appears on current page.</doc>
<status status="PASS" starttime="20230704 12:46:13.445" endtime="20230704 12:46:16.240"/>
</kw>
<kw name="Page Should Contain Text" library="AppiumLibrary">
<arg>${text}</arg>
<doc>Verifies that current page contains `text`.</doc>
<msg timestamp="20230704 12:46:16.365" level="INFO">Current page contains text 'Remove worker successful'.</msg>
<status status="PASS" starttime="20230704 12:46:16.241" endtime="20230704 12:46:16.365"/>
</kw>
<status status="PASS" starttime="20230704 12:46:13.444" endtime="20230704 12:46:16.365"/>
</kw>
<kw name="Log-out">
<kw name="Click Element" library="AppiumLibrary">
<arg>xpath=//hierarchy/android.widget.FrameLayout/android.widget.LinearLayout/android.widget.FrameLayout/android.widget.LinearLayout/android.widget.FrameLayout/android.widget.FrameLayout/android.widget.FrameLayout/android.widget.FrameLayout/android.view.ViewGroup/android.view.ViewGroup/android.view.ViewGroup/android.view.ViewGroup/android.view.ViewGroup/android.view.ViewGroup/android.view.ViewGroup/android.view.ViewGroup/android.view.ViewGroup/android.view.ViewGroup[1]/android.widget.FrameLayout/android.view.ViewGroup/android.view.ViewGroup/android.view.ViewGroup/android.view.ViewGroup/android.view.ViewGroup/android.view.ViewGroup/android.widget.LinearLayout/android.view.ViewGroup/android.view.ViewGroup/android.view.ViewGroup/android.view.ViewGroup/android.widget.Button/android.view.ViewGroup/android.widget.TextView</arg>
<doc>Click element identified by `locator`.</doc>
<msg timestamp="20230704 12:46:16.369" level="INFO">Clicking element 'xpath=//hierarchy/android.widget.FrameLayout/android.widget.LinearLayout/android.widget.FrameLayout/android.widget.LinearLayout/android.widget.FrameLayout/android.widget.FrameLayout/android.widget.FrameLayout/android.widget.FrameLayout/android.view.ViewGroup/android.view.ViewGroup/android.view.ViewGroup/android.view.ViewGroup/android.view.ViewGroup/android.view.ViewGroup/android.view.ViewGroup/android.view.ViewGroup/android.view.ViewGroup/android.view.ViewGroup[1]/android.widget.FrameLayout/android.view.ViewGroup/android.view.ViewGroup/android.view.ViewGroup/android.view.ViewGroup/android.view.ViewGroup/android.view.ViewGroup/android.widget.LinearLayout/android.view.ViewGroup/android.view.ViewGroup/android.view.ViewGroup/android.view.ViewGroup/android.widget.Button/android.view.ViewGroup/android.widget.TextView'.</msg>
<msg timestamp="20230704 12:46:16.527" level="INFO">xpath criteria: //hierarchy/android.widget.FrameLayout/android.widget.LinearLayout/android.widget.FrameLayout/android.widget.LinearLayout/android.widget.FrameLayout/android.widget.FrameLayout/android.widget.FrameLayout/android.widget.FrameLayout/android.view.ViewGroup/android.view.ViewGroup/android.view.ViewGroup/android.view.ViewGroup/android.view.ViewGroup/android.view.ViewGroup/android.view.ViewGroup/android.view.ViewGroup/android.view.ViewGroup/android.view.ViewGroup[1]/android.widget.FrameLayout/android.view.ViewGroup/android.view.ViewGroup/android.view.ViewGroup/android.view.ViewGroup/android.view.ViewGroup/android.view.ViewGroup/android.widget.LinearLayout/android.view.ViewGroup/android.view.ViewGroup/android.view.ViewGroup/android.view.ViewGroup/android.widget.Button/android.view.ViewGroup/android.widget.TextView</msg>
<status status="PASS" starttime="20230704 12:46:16.367" endtime="20230704 12:46:16.528"/>
</kw>
<status status="PASS" starttime="20230704 12:46:16.366" endtime="20230704 12:46:16.528"/>
</kw>
<status status="PASS" starttime="20230704 12:45:55.691" endtime="20230704 12:46:16.528"/>
</test>
<test id="s1-t2" name="Remove Multiple Worker" line="28">
<kw name="Lunch Application">
<kw name="Open Application" library="AppiumLibrary">
<arg>${REMOTE_URL}</arg>
<arg>platformName=${platformName}</arg>
<arg>appium:platformVersion=${appium:platformVersion}</arg>
<arg>appium:deviceName=${appium:deviceName}</arg>
<arg>appium:automationName=${appium:automationName}</arg>
<arg>appium:ensureWebviewsHavePages=${appium:ensureWebviewsHavePages}</arg>
<arg>appium:nativeWebScreenshot=${appium:nativeWebScreenshot}</arg>
<arg>appium:newCommandTimeout=${appium:newCommandTimeout}</arg>
<arg>appium:connectHardwareKeyboard=${appium:connectHardwareKeyboard}</arg>
<doc>Opens a new application to given Appium server.
Capabilities of appium server, Android and iOS,
Please check https://github.com/appium/appium/blob/master/docs/en/writing-running-appium/server-args.md
| *Option*            | *Man.* | *Description*     |
| remote_url          | Yes    | Appium server url |
| alias               | no     | alias             |
| strict_ssl          | No     | allows you to send commands to an invalid certificate host like a self-signed one. |</doc>
<status status="PASS" starttime="20230704 12:46:16.531" endtime="20230704 12:46:21.244"/>
</kw>
<status status="PASS" starttime="20230704 12:46:16.530" endtime="20230704 12:46:21.245"/>
</kw>
<kw name="Login To App">
<kw name="Input Text" library="AppiumLibrary">
<arg>xpath=//hierarchy/android.widget.FrameLayout/android.widget.LinearLayout/android.widget.FrameLayout/android.widget.LinearLayout/android.widget.FrameLayout/android.widget.FrameLayout/android.widget.FrameLayout/android.widget.FrameLayout/android.view.ViewGroup/android.view.ViewGroup/android.view.ViewGroup/android.view.ViewGroup/android.view.ViewGroup/android.view.ViewGroup/android.view.ViewGroup/android.view.ViewGroup/android.view.ViewGroup/android.view.ViewGroup[1]/android.view.ViewGroup[1]/android.widget.EditText</arg>
<arg>ghateley0</arg>
<doc>Types the given `text` into text field identified by `locator`.</doc>
<msg timestamp="20230704 12:46:21.250" level="INFO">Typing text 'ghateley0' into text field 'xpath=//hierarchy/android.widget.FrameLayout/android.widget.LinearLayout/android.widget.FrameLayout/android.widget.LinearLayout/android.widget.FrameLayout/android.widget.FrameLayout/android.widget.FrameLayout/android.widget.FrameLayout/android.view.ViewGroup/android.view.ViewGroup/android.view.ViewGroup/android.view.ViewGroup/android.view.ViewGroup/android.view.ViewGroup/android.view.ViewGroup/android.view.ViewGroup/android.view.ViewGroup/android.view.ViewGroup[1]/android.view.ViewGroup[1]/android.widget.EditText'</msg>
<msg timestamp="20230704 12:46:22.059" level="INFO">xpath criteria: //hierarchy/android.widget.FrameLayout/android.widget.LinearLayout/android.widget.FrameLayout/android.widget.LinearLayout/android.widget.FrameLayout/android.widget.FrameLayout/android.widget.FrameLayout/android.widget.FrameLayout/android.view.ViewGroup/android.view.ViewGroup/android.view.ViewGroup/android.view.ViewGroup/android.view.ViewGroup/android.view.ViewGroup/android.view.ViewGroup/android.view.ViewGroup/android.view.ViewGroup/android.view.ViewGroup[1]/android.view.ViewGroup[1]/android.widget.EditText</msg>
<status status="PASS" starttime="20230704 12:46:21.247" endtime="20230704 12:46:22.059"/>
</kw>
<kw name="Input Password" library="AppiumLibrary">
<arg>xpath=//hierarchy/android.widget.FrameLayout/android.widget.LinearLayout/android.widget.FrameLayout/android.widget.LinearLayout/android.widget.FrameLayout/android.widget.FrameLayout/android.widget.FrameLayout/android.widget.FrameLayout/android.view.ViewGroup/android.view.ViewGroup/android.view.ViewGroup/android.view.ViewGroup/android.view.ViewGroup/android.view.ViewGroup/android.view.ViewGroup/android.view.ViewGroup/android.view.ViewGroup/android.view.ViewGroup[1]/android.view.ViewGroup[2]/android.view.ViewGroup/android.widget.EditText</arg>
<arg>BtNMJU</arg>
<doc>Types the given password into text field identified by `locator`.</doc>
<msg timestamp="20230704 12:46:22.062" level="INFO">Typing password into text field 'xpath=//hierarchy/android.widget.FrameLayout/android.widget.LinearLayout/android.widget.FrameLayout/android.widget.LinearLayout/android.widget.FrameLayout/android.widget.FrameLayout/android.widget.FrameLayout/android.widget.FrameLayout/android.view.ViewGroup/android.view.ViewGroup/android.view.ViewGroup/android.view.ViewGroup/android.view.ViewGroup/android.view.ViewGroup/android.view.ViewGroup/android.view.ViewGroup/android.view.ViewGroup/android.view.ViewGroup[1]/android.view.ViewGroup[2]/android.view.ViewGroup/android.widget.EditText'</msg>
<msg timestamp="20230704 12:46:23.197" level="INFO">xpath criteria: //hierarchy/android.widget.FrameLayout/android.widget.LinearLayout/android.widget.FrameLayout/android.widget.LinearLayout/android.widget.FrameLayout/android.widget.FrameLayout/android.widget.FrameLayout/android.widget.FrameLayout/android.view.ViewGroup/android.view.ViewGroup/android.view.ViewGroup/android.view.ViewGroup/android.view.ViewGroup/android.view.ViewGroup/android.view.ViewGroup/android.view.ViewGroup/android.view.ViewGroup/android.view.ViewGroup[1]/android.view.ViewGroup[2]/android.view.ViewGroup/android.widget.EditText</msg>
<status status="PASS" starttime="20230704 12:46:22.059" endtime="20230704 12:46:23.197"/>
</kw>
<kw name="Click Element" library="AppiumLibrary">
<arg>xpath=//hierarchy/android.widget.FrameLayout/android.widget.LinearLayout/android.widget.FrameLayout/android.widget.LinearLayout/android.widget.FrameLayout/android.widget.FrameLayout/android.widget.FrameLayout/android.widget.FrameLayout/android.view.ViewGroup/android.view.ViewGroup/android.view.ViewGroup/android.view.ViewGroup/android.view.ViewGroup/android.view.ViewGroup/android.view.ViewGroup/android.view.ViewGroup/android.view.ViewGroup/android.view.ViewGroup[2]</arg>
<doc>Click element identified by `locator`.</doc>
<msg timestamp="20230704 12:46:23.202" level="INFO">Clicking element 'xpath=//hierarchy/android.widget.FrameLayout/android.widget.LinearLayout/android.widget.FrameLayout/android.widget.LinearLayout/android.widget.FrameLayout/android.widget.FrameLayout/android.widget.FrameLayout/android.widget.FrameLayout/android.view.ViewGroup/android.view.ViewGroup/android.view.ViewGroup/android.view.ViewGroup/android.view.ViewGroup/android.view.ViewGroup/android.view.ViewGroup/android.view.ViewGroup/android.view.ViewGroup/android.view.ViewGroup[2]'.</msg>
<msg timestamp="20230704 12:46:23.786" level="INFO">xpath criteria: //hierarchy/android.widget.FrameLayout/android.widget.LinearLayout/android.widget.FrameLayout/android.widget.LinearLayout/android.widget.FrameLayout/android.widget.FrameLayout/android.widget.FrameLayout/android.widget.FrameLayout/android.view.ViewGroup/android.view.ViewGroup/android.view.ViewGroup/android.view.ViewGroup/android.view.ViewGroup/android.view.ViewGroup/android.view.ViewGroup/android.view.ViewGroup/android.view.ViewGroup/android.view.ViewGroup[2]</msg>
<status status="PASS" starttime="20230704 12:46:23.198" endtime="20230704 12:46:23.787"/>
</kw>
<status status="PASS" starttime="20230704 12:46:21.246" endtime="20230704 12:46:23.787"/>
</kw>
<kw name="Go to Boiling Detail Page">
<kw name="Wait Until Page Contains" library="AppiumLibrary">
<arg>Dashboard</arg>
<doc>Waits until `text` appears on current page.</doc>
<status status="PASS" starttime="20230704 12:46:23.788" endtime="20230704 12:46:25.453"/>
</kw>
<kw name="Wait Until Page Contains" library="AppiumLibrary">
<arg>Boiling</arg>
<doc>Waits until `text` appears on current page.</doc>
<status status="PASS" starttime="20230704 12:46:25.453" endtime="20230704 12:46:25.568"/>
</kw>
<kw name="Click Element" library="AppiumLibrary">
<arg>xpath=//hierarchy/android.widget.FrameLayout/android.widget.LinearLayout/android.widget.FrameLayout/android.widget.LinearLayout/android.widget.FrameLayout/android.widget.FrameLayout/android.widget.FrameLayout/android.widget.FrameLayout/android.view.ViewGroup/android.view.ViewGroup/android.view.ViewGroup/android.view.ViewGroup/android.view.ViewGroup/android.view.ViewGroup/android.view.ViewGroup/android.view.ViewGroup/android.view.ViewGroup/android.view.ViewGroup[1]/android.widget.FrameLayout/android.view.ViewGroup/android.view.ViewGroup/android.view.ViewGroup/android.view.ViewGroup/android.view.ViewGroup/android.view.ViewGroup/android.view.ViewGroup/android.view.ViewGroup/android.view.ViewGroup/android.view.ViewGroup[2]/android.widget.ScrollView/android.view.ViewGroup/android.view.ViewGroup[2]/android.view.ViewGroup/android.view.ViewGroup[1]/android.widget.TextView[2]</arg>
<doc>Click element identified by `locator`.</doc>
<msg timestamp="20230704 12:46:25.569" level="INFO">Clicking element 'xpath=//hierarchy/android.widget.FrameLayout/android.widget.LinearLayout/android.widget.FrameLayout/android.widget.LinearLayout/android.widget.FrameLayout/android.widget.FrameLayout/android.widget.FrameLayout/android.widget.FrameLayout/android.view.ViewGroup/android.view.ViewGroup/android.view.ViewGroup/android.view.ViewGroup/android.view.ViewGroup/android.view.ViewGroup/android.view.ViewGroup/android.view.ViewGroup/android.view.ViewGroup/android.view.ViewGroup[1]/android.widget.FrameLayout/android.view.ViewGroup/android.view.ViewGroup/android.view.ViewGroup/android.view.ViewGroup/android.view.ViewGroup/android.view.ViewGroup/android.view.ViewGroup/android.view.ViewGroup/android.view.ViewGroup/android.view.ViewGroup[2]/android.widget.ScrollView/android.view.ViewGroup/android.view.ViewGroup[2]/android.view.ViewGroup/android.view.ViewGroup[1]/android.widget.TextView[2]'.</msg>
<msg timestamp="20230704 12:46:25.700" level="INFO">xpath criteria: //hierarchy/android.widget.FrameLayout/android.widget.LinearLayout/android.widget.FrameLayout/android.widget.LinearLayout/android.widget.FrameLayout/android.widget.FrameLayout/android.widget.FrameLayout/android.widget.FrameLayout/android.view.ViewGroup/android.view.ViewGroup/android.view.ViewGroup/android.view.ViewGroup/android.view.ViewGroup/android.view.ViewGroup/android.view.ViewGroup/android.view.ViewGroup/android.view.ViewGroup/android.view.ViewGroup[1]/android.widget.FrameLayout/android.view.ViewGroup/android.view.ViewGroup/android.view.ViewGroup/android.view.ViewGroup/android.view.ViewGroup/android.view.ViewGroup/android.view.ViewGroup/android.view.ViewGroup/android.view.ViewGroup/android.view.ViewGroup[2]/android.widget.ScrollView/android.view.ViewGroup/android.view.ViewGroup[2]/android.view.ViewGroup/android.view.ViewGroup[1]/android.widget.TextView[2]</msg>
<status status="PASS" starttime="20230704 12:46:25.568" endtime="20230704 12:46:25.701"/>
</kw>
<kw name="Wait Until Page Contains" library="AppiumLibrary">
<arg>ไม่สำเร็จในเวลา</arg>
<doc>Waits until `text` appears on current page.</doc>
<status status="PASS" starttime="20230704 12:46:25.701" endtime="20230704 12:46:29.133"/>
</kw>
<status status="PASS" starttime="20230704 12:46:23.787" endtime="20230704 12:46:29.133"/>
</kw>
<kw name="Select Work Plan Table">
<kw name="Click Element" library="AppiumLibrary">
<arg>xpath=//android.view.View[@content-desc="Work Plan"]</arg>
<doc>Click element identified by `locator`.</doc>
<msg timestamp="20230704 12:46:29.135" level="INFO">Clicking element 'xpath=//android.view.View[@content-desc="Work Plan"]'.</msg>
<msg timestamp="20230704 12:46:29.319" level="INFO">xpath criteria: //android.view.View[@content-desc="Work Plan"]</msg>
<status status="PASS" starttime="20230704 12:46:29.134" endtime="20230704 12:46:29.319"/>
</kw>
<status status="PASS" starttime="20230704 12:46:29.134" endtime="20230704 12:46:29.320"/>
</kw>
<kw name="Open Remove Worker Page">
<kw name="Click Element" library="AppiumLibrary">
<arg>xpath=//hierarchy/android.widget.FrameLayout/android.widget.LinearLayout/android.widget.FrameLayout/android.widget.LinearLayout/android.widget.FrameLayout/android.widget.FrameLayout/android.widget.FrameLayout/android.widget.FrameLayout/android.view.ViewGroup/android.view.ViewGroup/android.view.ViewGroup/android.view.ViewGroup/android.view.ViewGroup/android.view.ViewGroup/android.view.ViewGroup/android.view.ViewGroup/android.view.ViewGroup/android.view.ViewGroup[1]/android.widget.FrameLayout/android.view.ViewGroup/android.view.ViewGroup/android.view.ViewGroup/android.view.ViewGroup/android.view.ViewGroup/android.view.ViewGroup/android.view.ViewGroup/android.view.ViewGroup/android.view.ViewGroup/android.view.ViewGroup/android.view.ViewGroup[3]/android.view.ViewGroup[2]/android.view.ViewGroup[2]/android.widget.Button</arg>
<doc>Click element identified by `locator`.</doc>
<msg timestamp="20230704 12:46:29.323" level="INFO">Clicking element 'xpath=//hierarchy/android.widget.FrameLayout/android.widget.LinearLayout/android.widget.FrameLayout/android.widget.LinearLayout/android.widget.FrameLayout/android.widget.FrameLayout/android.widget.FrameLayout/android.widget.FrameLayout/android.view.ViewGroup/android.view.ViewGroup/android.view.ViewGroup/android.view.ViewGroup/android.view.ViewGroup/android.view.ViewGroup/android.view.ViewGroup/android.view.ViewGroup/android.view.ViewGroup/android.view.ViewGroup[1]/android.widget.FrameLayout/android.view.ViewGroup/android.view.ViewGroup/android.view.ViewGroup/android.view.ViewGroup/android.view.ViewGroup/android.view.ViewGroup/android.view.ViewGroup/android.view.ViewGroup/android.view.ViewGroup/android.view.ViewGroup/android.view.ViewGroup[3]/android.view.ViewGroup[2]/android.view.ViewGroup[2]/android.widget.Button'.</msg>
<msg timestamp="20230704 12:46:29.601" level="INFO">xpath criteria: //hierarchy/android.widget.FrameLayout/android.widget.LinearLayout/android.widget.FrameLayout/android.widget.LinearLayout/android.widget.FrameLayout/android.widget.FrameLayout/android.widget.FrameLayout/android.widget.FrameLayout/android.view.ViewGroup/android.view.ViewGroup/android.view.ViewGroup/android.view.ViewGroup/android.view.ViewGroup/android.view.ViewGroup/android.view.ViewGroup/android.view.ViewGroup/android.view.ViewGroup/android.view.ViewGroup[1]/android.widget.FrameLayout/android.view.ViewGroup/android.view.ViewGroup/android.view.ViewGroup/android.view.ViewGroup/android.view.ViewGroup/android.view.ViewGroup/android.view.ViewGroup/android.view.ViewGroup/android.view.ViewGroup/android.view.ViewGroup/android.view.ViewGroup[3]/android.view.ViewGroup[2]/android.view.ViewGroup[2]/android.widget.Button</msg>
<status status="PASS" starttime="20230704 12:46:29.321" endtime="20230704 12:46:29.602"/>
</kw>
<kw name="Wait Until Page Contains" library="AppiumLibrary">
<arg>พนักงาน</arg>
<doc>Waits until `text` appears on current page.</doc>
<status status="PASS" starttime="20230704 12:46:29.602" endtime="20230704 12:46:31.660"/>
</kw>
<status status="PASS" starttime="20230704 12:46:29.320" endtime="20230704 12:46:31.660"/>
</kw>
<kw name="Select 2 Worker">
<kw name="Click Element" library="AppiumLibrary">
<arg>xpath=//hierarchy/android.widget.FrameLayout/android.widget.LinearLayout/android.widget.FrameLayout/android.widget.FrameLayout/android.view.ViewGroup/android.view.ViewGroup/android.view.ViewGroup/android.view.ViewGroup/android.view.ViewGroup[2]/android.view.ViewGroup/android.view.ViewGroup/android.view.ViewGroup[2]/android.view.ViewGroup[1]/android.widget.HorizontalScrollView/android.view.ViewGroup/android.view.ViewGroup/android.view.ViewGroup/android.widget.ScrollView/android.view.ViewGroup/android.view.ViewGroup[1]/android.view.ViewGroup/android.view.ViewGroup[1]/android.widget.CheckBox/android.view.ViewGroup/android.widget.TextView</arg>
<doc>Click element identified by `locator`.</doc>
<msg timestamp="20230704 12:46:31.663" level="INFO">Clicking element 'xpath=//hierarchy/android.widget.FrameLayout/android.widget.LinearLayout/android.widget.FrameLayout/android.widget.FrameLayout/android.view.ViewGroup/android.view.ViewGroup/android.view.ViewGroup/android.view.ViewGroup/android.view.ViewGroup[2]/android.view.ViewGroup/android.view.ViewGroup/android.view.ViewGroup[2]/android.view.ViewGroup[1]/android.widget.HorizontalScrollView/android.view.ViewGroup/android.view.ViewGroup/android.view.ViewGroup/android.widget.ScrollView/android.view.ViewGroup/android.view.ViewGroup[1]/android.view.ViewGroup/android.view.ViewGroup[1]/android.widget.CheckBox/android.view.ViewGroup/android.widget.TextView'.</msg>
<msg timestamp="20230704 12:46:31.777" level="INFO">xpath criteria: //hierarchy/android.widget.FrameLayout/android.widget.LinearLayout/android.widget.FrameLayout/android.widget.FrameLayout/android.view.ViewGroup/android.view.ViewGroup/android.view.ViewGroup/android.view.ViewGroup/android.view.ViewGroup[2]/android.view.ViewGroup/android.view.ViewGroup/android.view.ViewGroup[2]/android.view.ViewGroup[1]/android.widget.HorizontalScrollView/android.view.ViewGroup/android.view.ViewGroup/android.view.ViewGroup/android.widget.ScrollView/android.view.ViewGroup/android.view.ViewGroup[1]/android.view.ViewGroup/android.view.ViewGroup[1]/android.widget.CheckBox/android.view.ViewGroup/android.widget.TextView</msg>
<status status="PASS" starttime="20230704 12:46:31.661" endtime="20230704 12:46:31.778"/>
</kw>
<kw name="Click Element" library="AppiumLibrary">
<arg>xpath=//hierarchy/android.widget.FrameLayout/android.widget.LinearLayout/android.widget.FrameLayout/android.widget.FrameLayout/android.view.ViewGroup/android.view.ViewGroup/android.view.ViewGroup/android.view.ViewGroup/android.view.ViewGroup[2]/android.view.ViewGroup/android.view.ViewGroup/android.view.ViewGroup[2]/android.view.ViewGroup[1]/android.widget.HorizontalScrollView/android.view.ViewGroup/android.view.ViewGroup/android.view.ViewGroup/android.widget.ScrollView/android.view.ViewGroup/android.view.ViewGroup[2]/android.view.ViewGroup/android.view.ViewGroup[1]/android.widget.CheckBox/android.view.ViewGroup/android.widget.TextView</arg>
<doc>Click element identified by `locator`.</doc>
<msg timestamp="20230704 12:46:31.781" level="INFO">Clicking element 'xpath=//hierarchy/android.widget.FrameLayout/android.widget.LinearLayout/android.widget.FrameLayout/android.widget.FrameLayout/android.view.ViewGroup/android.view.ViewGroup/android.view.ViewGroup/android.view.ViewGroup/android.view.ViewGroup[2]/android.view.ViewGroup/android.view.ViewGroup/android.view.ViewGroup[2]/android.view.ViewGroup[1]/android.widget.HorizontalScrollView/android.view.ViewGroup/android.view.ViewGroup/android.view.ViewGroup/android.widget.ScrollView/android.view.ViewGroup/android.view.ViewGroup[2]/android.view.ViewGroup/android.view.ViewGroup[1]/android.widget.CheckBox/android.view.ViewGroup/android.widget.TextView'.</msg>
<msg timestamp="20230704 12:46:31.931" level="INFO">xpath criteria: //hierarchy/android.widget.FrameLayout/android.widget.LinearLayout/android.widget.FrameLayout/android.widget.FrameLayout/android.view.ViewGroup/android.view.ViewGroup/android.view.ViewGroup/android.view.ViewGroup/android.view.ViewGroup[2]/android.view.ViewGroup/android.view.ViewGroup/android.view.ViewGroup[2]/android.view.ViewGroup[1]/android.widget.HorizontalScrollView/android.view.ViewGroup/android.view.ViewGroup/android.view.ViewGroup/android.widget.ScrollView/android.view.ViewGroup/android.view.ViewGroup[2]/android.view.ViewGroup/android.view.ViewGroup[1]/android.widget.CheckBox/android.view.ViewGroup/android.widget.TextView</msg>
<status status="PASS" starttime="20230704 12:46:31.779" endtime="20230704 12:46:31.932"/>
</kw>
<status status="PASS" starttime="20230704 12:46:31.660" endtime="20230704 12:46:31.933"/>
</kw>
<kw name="Go to Confirm Page">
<kw name="Wait Until Page Contains" library="AppiumLibrary">
<arg>Next</arg>
<doc>Waits until `text` appears on current page.</doc>
<status status="PASS" starttime="20230704 12:46:31.934" endtime="20230704 12:46:32.020"/>
</kw>
<kw name="Click Text" library="AppiumLibrary">
<arg>Next</arg>
<doc>Click text identified by ``text``.</doc>
<msg timestamp="20230704 12:46:32.151" level="INFO">xpath criteria: //*[contains(@text,"Next")]</msg>
<status status="PASS" starttime="20230704 12:46:32.021" endtime="20230704 12:46:32.152"/>
</kw>
<status status="PASS" starttime="20230704 12:46:31.933" endtime="20230704 12:46:32.152"/>
</kw>
<kw name="Confirm Remove Worker">
<kw name="Wait Until Page Contains" library="AppiumLibrary">
<arg>Confirm</arg>
<doc>Waits until `text` appears on current page.</doc>
<status status="PASS" starttime="20230704 12:46:32.154" endtime="20230704 12:46:34.181"/>
</kw>
<kw name="Click Text" library="AppiumLibrary">
<arg>Confirm</arg>
<doc>Click text identified by ``text``.</doc>
<msg timestamp="20230704 12:46:34.266" level="INFO">xpath criteria: //*[contains(@text,"Confirm")]</msg>
<status status="PASS" starttime="20230704 12:46:34.182" endtime="20230704 12:46:34.266"/>
</kw>
<status status="PASS" starttime="20230704 12:46:32.153" endtime="20230704 12:46:34.266"/>
</kw>
<kw name="See Notification Text">
<arg>Remove worker successful</arg>
<kw name="Wait Until Page Contains" library="AppiumLibrary">
<arg>${text}</arg>
<doc>Waits until `text` appears on current page.</doc>
<status status="PASS" starttime="20230704 12:46:34.268" endtime="20230704 12:46:36.778"/>
</kw>
<kw name="Page Should Contain Text" library="AppiumLibrary">
<arg>${text}</arg>
<doc>Verifies that current page contains `text`.</doc>
<msg timestamp="20230704 12:46:36.881" level="INFO">Current page contains text 'Remove worker successful'.</msg>
<status status="PASS" starttime="20230704 12:46:36.778" endtime="20230704 12:46:36.881"/>
</kw>
<status status="PASS" starttime="20230704 12:46:34.267" endtime="20230704 12:46:36.882"/>
</kw>
<kw name="Log-out">
<kw name="Click Element" library="AppiumLibrary">
<arg>xpath=//hierarchy/android.widget.FrameLayout/android.widget.LinearLayout/android.widget.FrameLayout/android.widget.LinearLayout/android.widget.FrameLayout/android.widget.FrameLayout/android.widget.FrameLayout/android.widget.FrameLayout/android.view.ViewGroup/android.view.ViewGroup/android.view.ViewGroup/android.view.ViewGroup/android.view.ViewGroup/android.view.ViewGroup/android.view.ViewGroup/android.view.ViewGroup/android.view.ViewGroup/android.view.ViewGroup[1]/android.widget.FrameLayout/android.view.ViewGroup/android.view.ViewGroup/android.view.ViewGroup/android.view.ViewGroup/android.view.ViewGroup/android.view.ViewGroup/android.widget.LinearLayout/android.view.ViewGroup/android.view.ViewGroup/android.view.ViewGroup/android.view.ViewGroup/android.widget.Button/android.view.ViewGroup/android.widget.TextView</arg>
<doc>Click element identified by `locator`.</doc>
<msg timestamp="20230704 12:46:36.884" level="INFO">Clicking element 'xpath=//hierarchy/android.widget.FrameLayout/android.widget.LinearLayout/android.widget.FrameLayout/android.widget.LinearLayout/android.widget.FrameLayout/android.widget.FrameLayout/android.widget.FrameLayout/android.widget.FrameLayout/android.view.ViewGroup/android.view.ViewGroup/android.view.ViewGroup/android.view.ViewGroup/android.view.ViewGroup/android.view.ViewGroup/android.view.ViewGroup/android.view.ViewGroup/android.view.ViewGroup/android.view.ViewGroup[1]/android.widget.FrameLayout/android.view.ViewGroup/android.view.ViewGroup/android.view.ViewGroup/android.view.ViewGroup/android.view.ViewGroup/android.view.ViewGroup/android.widget.LinearLayout/android.view.ViewGroup/android.view.ViewGroup/android.view.ViewGroup/android.view.ViewGroup/android.widget.Button/android.view.ViewGroup/android.widget.TextView'.</msg>
<msg timestamp="20230704 12:46:37.015" level="INFO">xpath criteria: //hierarchy/android.widget.FrameLayout/android.widget.LinearLayout/android.widget.FrameLayout/android.widget.LinearLayout/android.widget.FrameLayout/android.widget.FrameLayout/android.widget.FrameLayout/android.widget.FrameLayout/android.view.ViewGroup/android.view.ViewGroup/android.view.ViewGroup/android.view.ViewGroup/android.view.ViewGroup/android.view.ViewGroup/android.view.ViewGroup/android.view.ViewGroup/android.view.ViewGroup/android.view.ViewGroup[1]/android.widget.FrameLayout/android.view.ViewGroup/android.view.ViewGroup/android.view.ViewGroup/android.view.ViewGroup/android.view.ViewGroup/android.view.ViewGroup/android.widget.LinearLayout/android.view.ViewGroup/android.view.ViewGroup/android.view.ViewGroup/android.view.ViewGroup/android.widget.Button/android.view.ViewGroup/android.widget.TextView</msg>
<status status="PASS" starttime="20230704 12:46:36.883" endtime="20230704 12:46:37.015"/>
</kw>
<status status="PASS" starttime="20230704 12:46:36.882" endtime="20230704 12:46:37.016"/>
</kw>
<status status="PASS" starttime="20230704 12:46:16.529" endtime="20230704 12:46:37.016"/>
</test>
<test id="s1-t3" name="Failed to Remove" line="39">
<kw name="Lunch Application">
<kw name="Open Application" library="AppiumLibrary">
<arg>${REMOTE_URL}</arg>
<arg>platformName=${platformName}</arg>
<arg>appium:platformVersion=${appium:platformVersion}</arg>
<arg>appium:deviceName=${appium:deviceName}</arg>
<arg>appium:automationName=${appium:automationName}</arg>
<arg>appium:ensureWebviewsHavePages=${appium:ensureWebviewsHavePages}</arg>
<arg>appium:nativeWebScreenshot=${appium:nativeWebScreenshot}</arg>
<arg>appium:newCommandTimeout=${appium:newCommandTimeout}</arg>
<arg>appium:connectHardwareKeyboard=${appium:connectHardwareKeyboard}</arg>
<doc>Opens a new application to given Appium server.
Capabilities of appium server, Android and iOS,
Please check https://github.com/appium/appium/blob/master/docs/en/writing-running-appium/server-args.md
| *Option*            | *Man.* | *Description*     |
| remote_url          | Yes    | Appium server url |
| alias               | no     | alias             |
| strict_ssl          | No     | allows you to send commands to an invalid certificate host like a self-signed one. |</doc>
<status status="PASS" starttime="20230704 12:46:37.019" endtime="20230704 12:46:41.831"/>
</kw>
<status status="PASS" starttime="20230704 12:46:37.018" endtime="20230704 12:46:41.831"/>
</kw>
<kw name="Login To App">
<kw name="Input Text" library="AppiumLibrary">
<arg>xpath=//hierarchy/android.widget.FrameLayout/android.widget.LinearLayout/android.widget.FrameLayout/android.widget.LinearLayout/android.widget.FrameLayout/android.widget.FrameLayout/android.widget.FrameLayout/android.widget.FrameLayout/android.view.ViewGroup/android.view.ViewGroup/android.view.ViewGroup/android.view.ViewGroup/android.view.ViewGroup/android.view.ViewGroup/android.view.ViewGroup/android.view.ViewGroup/android.view.ViewGroup/android.view.ViewGroup[1]/android.view.ViewGroup[1]/android.widget.EditText</arg>
<arg>ghateley0</arg>
<doc>Types the given `text` into text field identified by `locator`.</doc>
<msg timestamp="20230704 12:46:41.834" level="INFO">Typing text 'ghateley0' into text field 'xpath=//hierarchy/android.widget.FrameLayout/android.widget.LinearLayout/android.widget.FrameLayout/android.widget.LinearLayout/android.widget.FrameLayout/android.widget.FrameLayout/android.widget.FrameLayout/android.widget.FrameLayout/android.view.ViewGroup/android.view.ViewGroup/android.view.ViewGroup/android.view.ViewGroup/android.view.ViewGroup/android.view.ViewGroup/android.view.ViewGroup/android.view.ViewGroup/android.view.ViewGroup/android.view.ViewGroup[1]/android.view.ViewGroup[1]/android.widget.EditText'</msg>
<msg timestamp="20230704 12:46:42.609" level="INFO">xpath criteria: //hierarchy/android.widget.FrameLayout/android.widget.LinearLayout/android.widget.FrameLayout/android.widget.LinearLayout/android.widget.FrameLayout/android.widget.FrameLayout/android.widget.FrameLayout/android.widget.FrameLayout/android.view.ViewGroup/android.view.ViewGroup/android.view.ViewGroup/android.view.ViewGroup/android.view.ViewGroup/android.view.ViewGroup/android.view.ViewGroup/android.view.ViewGroup/android.view.ViewGroup/android.view.ViewGroup[1]/android.view.ViewGroup[1]/android.widget.EditText</msg>
<status status="PASS" starttime="20230704 12:46:41.832" endtime="20230704 12:46:42.610"/>
</kw>
<kw name="Input Password" library="AppiumLibrary">
<arg>xpath=//hierarchy/android.widget.FrameLayout/android.widget.LinearLayout/android.widget.FrameLayout/android.widget.LinearLayout/android.widget.FrameLayout/android.widget.FrameLayout/android.widget.FrameLayout/android.widget.FrameLayout/android.view.ViewGroup/android.view.ViewGroup/android.view.ViewGroup/android.view.ViewGroup/android.view.ViewGroup/android.view.ViewGroup/android.view.ViewGroup/android.view.ViewGroup/android.view.ViewGroup/android.view.ViewGroup[1]/android.view.ViewGroup[2]/android.view.ViewGroup/android.widget.EditText</arg>
<arg>BtNMJU</arg>
<doc>Types the given password into text field identified by `locator`.</doc>
<msg timestamp="20230704 12:46:42.618" level="INFO">Typing password into text field 'xpath=//hierarchy/android.widget.FrameLayout/android.widget.LinearLayout/android.widget.FrameLayout/android.widget.LinearLayout/android.widget.FrameLayout/android.widget.FrameLayout/android.widget.FrameLayout/android.widget.FrameLayout/android.view.ViewGroup/android.view.ViewGroup/android.view.ViewGroup/android.view.ViewGroup/android.view.ViewGroup/android.view.ViewGroup/android.view.ViewGroup/android.view.ViewGroup/android.view.ViewGroup/android.view.ViewGroup[1]/android.view.ViewGroup[2]/android.view.ViewGroup/android.widget.EditText'</msg>
<msg timestamp="20230704 12:46:43.751" level="INFO">xpath criteria: //hierarchy/android.widget.FrameLayout/android.widget.LinearLayout/android.widget.FrameLayout/android.widget.LinearLayout/android.widget.FrameLayout/android.widget.FrameLayout/android.widget.FrameLayout/android.widget.FrameLayout/android.view.ViewGroup/android.view.ViewGroup/android.view.ViewGroup/android.view.ViewGroup/android.view.ViewGroup/android.view.ViewGroup/android.view.ViewGroup/android.view.ViewGroup/android.view.ViewGroup/android.view.ViewGroup[1]/android.view.ViewGroup[2]/android.view.ViewGroup/android.widget.EditText</msg>
<status status="PASS" starttime="20230704 12:46:42.611" endtime="20230704 12:46:43.751"/>
</kw>
<kw name="Click Element" library="AppiumLibrary">
<arg>xpath=//hierarchy/android.widget.FrameLayout/android.widget.LinearLayout/android.widget.FrameLayout/android.widget.LinearLayout/android.widget.FrameLayout/android.widget.FrameLayout/android.widget.FrameLayout/android.widget.FrameLayout/android.view.ViewGroup/android.view.ViewGroup/android.view.ViewGroup/android.view.ViewGroup/android.view.ViewGroup/android.view.ViewGroup/android.view.ViewGroup/android.view.ViewGroup/android.view.ViewGroup/android.view.ViewGroup[2]</arg>
<doc>Click element identified by `locator`.</doc>
<msg timestamp="20230704 12:46:43.754" level="INFO">Clicking element 'xpath=//hierarchy/android.widget.FrameLayout/android.widget.LinearLayout/android.widget.FrameLayout/android.widget.LinearLayout/android.widget.FrameLayout/android.widget.FrameLayout/android.widget.FrameLayout/android.widget.FrameLayout/android.view.ViewGroup/android.view.ViewGroup/android.view.ViewGroup/android.view.ViewGroup/android.view.ViewGroup/android.view.ViewGroup/android.view.ViewGroup/android.view.ViewGroup/android.view.ViewGroup/android.view.ViewGroup[2]'.</msg>
<msg timestamp="20230704 12:46:44.281" level="INFO">xpath criteria: //hierarchy/android.widget.FrameLayout/android.widget.LinearLayout/android.widget.FrameLayout/android.widget.LinearLayout/android.widget.FrameLayout/android.widget.FrameLayout/android.widget.FrameLayout/android.widget.FrameLayout/android.view.ViewGroup/android.view.ViewGroup/android.view.ViewGroup/android.view.ViewGroup/android.view.ViewGroup/android.view.ViewGroup/android.view.ViewGroup/android.view.ViewGroup/android.view.ViewGroup/android.view.ViewGroup[2]</msg>
<status status="PASS" starttime="20230704 12:46:43.751" endtime="20230704 12:46:44.282"/>
</kw>
<status status="PASS" starttime="20230704 12:46:41.832" endtime="20230704 12:46:44.282"/>
</kw>
<kw name="Go to Boiling Detail Page">
<kw name="Wait Until Page Contains" library="AppiumLibrary">
<arg>Dashboard</arg>
<doc>Waits until `text` appears on current page.</doc>
<status status="PASS" starttime="20230704 12:46:44.283" endtime="20230704 12:46:45.858"/>
</kw>
<kw name="Wait Until Page Contains" library="AppiumLibrary">
<arg>Boiling</arg>
<doc>Waits until `text` appears on current page.</doc>
<status status="PASS" starttime="20230704 12:46:45.858" endtime="20230704 12:46:45.967"/>
</kw>
<kw name="Click Element" library="AppiumLibrary">
<arg>xpath=//hierarchy/android.widget.FrameLayout/android.widget.LinearLayout/android.widget.FrameLayout/android.widget.LinearLayout/android.widget.FrameLayout/android.widget.FrameLayout/android.widget.FrameLayout/android.widget.FrameLayout/android.view.ViewGroup/android.view.ViewGroup/android.view.ViewGroup/android.view.ViewGroup/android.view.ViewGroup/android.view.ViewGroup/android.view.ViewGroup/android.view.ViewGroup/android.view.ViewGroup/android.view.ViewGroup[1]/android.widget.FrameLayout/android.view.ViewGroup/android.view.ViewGroup/android.view.ViewGroup/android.view.ViewGroup/android.view.ViewGroup/android.view.ViewGroup/android.view.ViewGroup/android.view.ViewGroup/android.view.ViewGroup/android.view.ViewGroup[2]/android.widget.ScrollView/android.view.ViewGroup/android.view.ViewGroup[2]/android.view.ViewGroup/android.view.ViewGroup[1]/android.widget.TextView[2]</arg>
<doc>Click element identified by `locator`.</doc>
<msg timestamp="20230704 12:46:45.971" level="INFO">Clicking element 'xpath=//hierarchy/android.widget.FrameLayout/android.widget.LinearLayout/android.widget.FrameLayout/android.widget.LinearLayout/android.widget.FrameLayout/android.widget.FrameLayout/android.widget.FrameLayout/android.widget.FrameLayout/android.view.ViewGroup/android.view.ViewGroup/android.view.ViewGroup/android.view.ViewGroup/android.view.ViewGroup/android.view.ViewGroup/android.view.ViewGroup/android.view.ViewGroup/android.view.ViewGroup/android.view.ViewGroup[1]/android.widget.FrameLayout/android.view.ViewGroup/android.view.ViewGroup/android.view.ViewGroup/android.view.ViewGroup/android.view.ViewGroup/android.view.ViewGroup/android.view.ViewGroup/android.view.ViewGroup/android.view.ViewGroup/android.view.ViewGroup[2]/android.widget.ScrollView/android.view.ViewGroup/android.view.ViewGroup[2]/android.view.ViewGroup/android.view.ViewGroup[1]/android.widget.TextView[2]'.</msg>
<msg timestamp="20230704 12:46:46.118" level="INFO">xpath criteria: //hierarchy/android.widget.FrameLayout/android.widget.LinearLayout/android.widget.FrameLayout/android.widget.LinearLayout/android.widget.FrameLayout/android.widget.FrameLayout/android.widget.FrameLayout/android.widget.FrameLayout/android.view.ViewGroup/android.view.ViewGroup/android.view.ViewGroup/android.view.ViewGroup/android.view.ViewGroup/android.view.ViewGroup/android.view.ViewGroup/android.view.ViewGroup/android.view.ViewGroup/android.view.ViewGroup[1]/android.widget.FrameLayout/android.view.ViewGroup/android.view.ViewGroup/android.view.ViewGroup/android.view.ViewGroup/android.view.ViewGroup/android.view.ViewGroup/android.view.ViewGroup/android.view.ViewGroup/android.view.ViewGroup/android.view.ViewGroup[2]/android.widget.ScrollView/android.view.ViewGroup/android.view.ViewGroup[2]/android.view.ViewGroup/android.view.ViewGroup[1]/android.widget.TextView[2]</msg>
<status status="PASS" starttime="20230704 12:46:45.967" endtime="20230704 12:46:46.119"/>
</kw>
<kw name="Wait Until Page Contains" library="AppiumLibrary">
<arg>ไม่สำเร็จในเวลา</arg>
<doc>Waits until `text` appears on current page.</doc>
<status status="PASS" starttime="20230704 12:46:46.119" endtime="20230704 12:46:49.546"/>
</kw>
<status status="PASS" starttime="20230704 12:46:44.283" endtime="20230704 12:46:49.546"/>
</kw>
<kw name="Select Work Plan Table">
<kw name="Click Element" library="AppiumLibrary">
<arg>xpath=//android.view.View[@content-desc="Work Plan"]</arg>
<doc>Click element identified by `locator`.</doc>
<msg timestamp="20230704 12:46:49.549" level="INFO">Clicking element 'xpath=//android.view.View[@content-desc="Work Plan"]'.</msg>
<msg timestamp="20230704 12:46:49.695" level="INFO">xpath criteria: //android.view.View[@content-desc="Work Plan"]</msg>
<status status="PASS" starttime="20230704 12:46:49.547" endtime="20230704 12:46:49.696"/>
</kw>
<status status="PASS" starttime="20230704 12:46:49.547" endtime="20230704 12:46:49.696"/>
</kw>
<kw name="Open Remove Worker Page">
<kw name="Click Element" library="AppiumLibrary">
<arg>xpath=//hierarchy/android.widget.FrameLayout/android.widget.LinearLayout/android.widget.FrameLayout/android.widget.LinearLayout/android.widget.FrameLayout/android.widget.FrameLayout/android.widget.FrameLayout/android.widget.FrameLayout/android.view.ViewGroup/android.view.ViewGroup/android.view.ViewGroup/android.view.ViewGroup/android.view.ViewGroup/android.view.ViewGroup/android.view.ViewGroup/android.view.ViewGroup/android.view.ViewGroup/android.view.ViewGroup[1]/android.widget.FrameLayout/android.view.ViewGroup/android.view.ViewGroup/android.view.ViewGroup/android.view.ViewGroup/android.view.ViewGroup/android.view.ViewGroup/android.view.ViewGroup/android.view.ViewGroup/android.view.ViewGroup/android.view.ViewGroup/android.view.ViewGroup[3]/android.view.ViewGroup[2]/android.view.ViewGroup[2]/android.widget.Button</arg>
<doc>Click element identified by `locator`.</doc>
<msg timestamp="20230704 12:46:49.700" level="INFO">Clicking element 'xpath=//hierarchy/android.widget.FrameLayout/android.widget.LinearLayout/android.widget.FrameLayout/android.widget.LinearLayout/android.widget.FrameLayout/android.widget.FrameLayout/android.widget.FrameLayout/android.widget.FrameLayout/android.view.ViewGroup/android.view.ViewGroup/android.view.ViewGroup/android.view.ViewGroup/android.view.ViewGroup/android.view.ViewGroup/android.view.ViewGroup/android.view.ViewGroup/android.view.ViewGroup/android.view.ViewGroup[1]/android.widget.FrameLayout/android.view.ViewGroup/android.view.ViewGroup/android.view.ViewGroup/android.view.ViewGroup/android.view.ViewGroup/android.view.ViewGroup/android.view.ViewGroup/android.view.ViewGroup/android.view.ViewGroup/android.view.ViewGroup/android.view.ViewGroup[3]/android.view.ViewGroup[2]/android.view.ViewGroup[2]/android.widget.Button'.</msg>
<msg timestamp="20230704 12:46:49.950" level="INFO">xpath criteria: //hierarchy/android.widget.FrameLayout/android.widget.LinearLayout/android.widget.FrameLayout/android.widget.LinearLayout/android.widget.FrameLayout/android.widget.FrameLayout/android.widget.FrameLayout/android.widget.FrameLayout/android.view.ViewGroup/android.view.ViewGroup/android.view.ViewGroup/android.view.ViewGroup/android.view.ViewGroup/android.view.ViewGroup/android.view.ViewGroup/android.view.ViewGroup/android.view.ViewGroup/android.view.ViewGroup[1]/android.widget.FrameLayout/android.view.ViewGroup/android.view.ViewGroup/android.view.ViewGroup/android.view.ViewGroup/android.view.ViewGroup/android.view.ViewGroup/android.view.ViewGroup/android.view.ViewGroup/android.view.ViewGroup/android.view.ViewGroup/android.view.ViewGroup[3]/android.view.ViewGroup[2]/android.view.ViewGroup[2]/android.widget.Button</msg>
<status status="PASS" starttime="20230704 12:46:49.697" endtime="20230704 12:46:49.951"/>
</kw>
<kw name="Wait Until Page Contains" library="AppiumLibrary">
<arg>พนักงาน</arg>
<doc>Waits until `text` appears on current page.</doc>
<status status="PASS" starttime="20230704 12:46:49.951" endtime="20230704 12:46:52.079"/>
</kw>
<status status="PASS" starttime="20230704 12:46:49.697" endtime="20230704 12:46:52.080"/>
</kw>
<kw name="Go to Confirm Page">
<kw name="Wait Until Page Contains" library="AppiumLibrary">
<arg>Next</arg>
<doc>Waits until `text` appears on current page.</doc>
<status status="PASS" starttime="20230704 12:46:52.081" endtime="20230704 12:46:52.143"/>
</kw>
<kw name="Click Text" library="AppiumLibrary">
<arg>Next</arg>
<doc>Click text identified by ``text``.</doc>
<msg timestamp="20230704 12:46:52.244" level="INFO">xpath criteria: //*[contains(@text,"Next")]</msg>
<status status="PASS" starttime="20230704 12:46:52.144" endtime="20230704 12:46:52.244"/>
</kw>
<status status="PASS" starttime="20230704 12:46:52.080" endtime="20230704 12:46:52.244"/>
</kw>
<kw name="Confirm Remove Worker">
<kw name="Wait Until Page Contains" library="AppiumLibrary">
<arg>Confirm</arg>
<doc>Waits until `text` appears on current page.</doc>
<status status="PASS" starttime="20230704 12:46:52.246" endtime="20230704 12:46:53.646"/>
</kw>
<kw name="Click Text" library="AppiumLibrary">
<arg>Confirm</arg>
<doc>Click text identified by ``text``.</doc>
<msg timestamp="20230704 12:46:53.717" level="INFO">xpath criteria: //*[contains(@text,"Confirm")]</msg>
<status status="PASS" starttime="20230704 12:46:53.647" endtime="20230704 12:46:53.717"/>
</kw>
<status status="PASS" starttime="20230704 12:46:52.245" endtime="20230704 12:46:53.717"/>
</kw>
<kw name="See Notification Text">
<arg>Remove worker failed</arg>
<kw name="Wait Until Page Contains" library="AppiumLibrary">
<arg>${text}</arg>
<doc>Waits until `text` appears on current page.</doc>
<status status="PASS" starttime="20230704 12:46:53.719" endtime="20230704 12:46:55.328"/>
</kw>
<kw name="Page Should Contain Text" library="AppiumLibrary">
<arg>${text}</arg>
<doc>Verifies that current page contains `text`.</doc>
<msg timestamp="20230704 12:46:55.433" level="INFO">Current page contains text 'Remove worker failed'.</msg>
<status status="PASS" starttime="20230704 12:46:55.328" endtime="20230704 12:46:55.433"/>
</kw>
<status status="PASS" starttime="20230704 12:46:53.718" endtime="20230704 12:46:55.433"/>
</kw>
<kw name="Log-out">
<kw name="Click Element" library="AppiumLibrary">
<arg>xpath=//hierarchy/android.widget.FrameLayout/android.widget.LinearLayout/android.widget.FrameLayout/android.widget.LinearLayout/android.widget.FrameLayout/android.widget.FrameLayout/android.widget.FrameLayout/android.widget.FrameLayout/android.view.ViewGroup/android.view.ViewGroup/android.view.ViewGroup/android.view.ViewGroup/android.view.ViewGroup/android.view.ViewGroup/android.view.ViewGroup/android.view.ViewGroup/android.view.ViewGroup/android.view.ViewGroup[1]/android.widget.FrameLayout/android.view.ViewGroup/android.view.ViewGroup/android.view.ViewGroup/android.view.ViewGroup/android.view.ViewGroup/android.view.ViewGroup/android.widget.LinearLayout/android.view.ViewGroup/android.view.ViewGroup/android.view.ViewGroup/android.view.ViewGroup/android.widget.Button/android.view.ViewGroup/android.widget.TextView</arg>
<doc>Click element identified by `locator`.</doc>
<msg timestamp="20230704 12:46:55.437" level="INFO">Clicking element 'xpath=//hierarchy/android.widget.FrameLayout/android.widget.LinearLayout/android.widget.FrameLayout/android.widget.LinearLayout/android.widget.FrameLayout/android.widget.FrameLayout/android.widget.FrameLayout/android.widget.FrameLayout/android.view.ViewGroup/android.view.ViewGroup/android.view.ViewGroup/android.view.ViewGroup/android.view.ViewGroup/android.view.ViewGroup/android.view.ViewGroup/android.view.ViewGroup/android.view.ViewGroup/android.view.ViewGroup[1]/android.widget.FrameLayout/android.view.ViewGroup/android.view.ViewGroup/android.view.ViewGroup/android.view.ViewGroup/android.view.ViewGroup/android.view.ViewGroup/android.widget.LinearLayout/android.view.ViewGroup/android.view.ViewGroup/android.view.ViewGroup/android.view.ViewGroup/android.widget.Button/android.view.ViewGroup/android.widget.TextView'.</msg>
<msg timestamp="20230704 12:46:55.585" level="INFO">xpath criteria: //hierarchy/android.widget.FrameLayout/android.widget.LinearLayout/android.widget.FrameLayout/android.widget.LinearLayout/android.widget.FrameLayout/android.widget.FrameLayout/android.widget.FrameLayout/android.widget.FrameLayout/android.view.ViewGroup/android.view.ViewGroup/android.view.ViewGroup/android.view.ViewGroup/android.view.ViewGroup/android.view.ViewGroup/android.view.ViewGroup/android.view.ViewGroup/android.view.ViewGroup/android.view.ViewGroup[1]/android.widget.FrameLayout/android.view.ViewGroup/android.view.ViewGroup/android.view.ViewGroup/android.view.ViewGroup/android.view.ViewGroup/android.view.ViewGroup/android.widget.LinearLayout/android.view.ViewGroup/android.view.ViewGroup/android.view.ViewGroup/android.view.ViewGroup/android.widget.Button/android.view.ViewGroup/android.widget.TextView</msg>
<status status="PASS" starttime="20230704 12:46:55.434" endtime="20230704 12:46:55.585"/>
</kw>
<status status="PASS" starttime="20230704 12:46:55.434" endtime="20230704 12:46:55.585"/>
</kw>
<status status="PASS" starttime="20230704 12:46:37.017" endtime="20230704 12:46:55.586"/>
</test>
<test id="s1-t4" name="Remove and reselect worker" line="50">
<kw name="Lunch Application">
<kw name="Open Application" library="AppiumLibrary">
<arg>${REMOTE_URL}</arg>
<arg>platformName=${platformName}</arg>
<arg>appium:platformVersion=${appium:platformVersion}</arg>
<arg>appium:deviceName=${appium:deviceName}</arg>
<arg>appium:automationName=${appium:automationName}</arg>
<arg>appium:ensureWebviewsHavePages=${appium:ensureWebviewsHavePages}</arg>
<arg>appium:nativeWebScreenshot=${appium:nativeWebScreenshot}</arg>
<arg>appium:newCommandTimeout=${appium:newCommandTimeout}</arg>
<arg>appium:connectHardwareKeyboard=${appium:connectHardwareKeyboard}</arg>
<doc>Opens a new application to given Appium server.
Capabilities of appium server, Android and iOS,
Please check https://github.com/appium/appium/blob/master/docs/en/writing-running-appium/server-args.md
| *Option*            | *Man.* | *Description*     |
| remote_url          | Yes    | Appium server url |
| alias               | no     | alias             |
| strict_ssl          | No     | allows you to send commands to an invalid certificate host like a self-signed one. |</doc>
<status status="PASS" starttime="20230704 12:46:55.588" endtime="20230704 12:47:00.329"/>
</kw>
<status status="PASS" starttime="20230704 12:46:55.588" endtime="20230704 12:47:00.329"/>
</kw>
<kw name="Login To App">
<kw name="Input Text" library="AppiumLibrary">
<arg>xpath=//hierarchy/android.widget.FrameLayout/android.widget.LinearLayout/android.widget.FrameLayout/android.widget.LinearLayout/android.widget.FrameLayout/android.widget.FrameLayout/android.widget.FrameLayout/android.widget.FrameLayout/android.view.ViewGroup/android.view.ViewGroup/android.view.ViewGroup/android.view.ViewGroup/android.view.ViewGroup/android.view.ViewGroup/android.view.ViewGroup/android.view.ViewGroup/android.view.ViewGroup/android.view.ViewGroup[1]/android.view.ViewGroup[1]/android.widget.EditText</arg>
<arg>ghateley0</arg>
<doc>Types the given `text` into text field identified by `locator`.</doc>
<msg timestamp="20230704 12:47:00.332" level="INFO">Typing text 'ghateley0' into text field 'xpath=//hierarchy/android.widget.FrameLayout/android.widget.LinearLayout/android.widget.FrameLayout/android.widget.LinearLayout/android.widget.FrameLayout/android.widget.FrameLayout/android.widget.FrameLayout/android.widget.FrameLayout/android.view.ViewGroup/android.view.ViewGroup/android.view.ViewGroup/android.view.ViewGroup/android.view.ViewGroup/android.view.ViewGroup/android.view.ViewGroup/android.view.ViewGroup/android.view.ViewGroup/android.view.ViewGroup[1]/android.view.ViewGroup[1]/android.widget.EditText'</msg>
<msg timestamp="20230704 12:47:01.345" level="INFO">xpath criteria: //hierarchy/android.widget.FrameLayout/android.widget.LinearLayout/android.widget.FrameLayout/android.widget.LinearLayout/android.widget.FrameLayout/android.widget.FrameLayout/android.widget.FrameLayout/android.widget.FrameLayout/android.view.ViewGroup/android.view.ViewGroup/android.view.ViewGroup/android.view.ViewGroup/android.view.ViewGroup/android.view.ViewGroup/android.view.ViewGroup/android.view.ViewGroup/android.view.ViewGroup/android.view.ViewGroup[1]/android.view.ViewGroup[1]/android.widget.EditText</msg>
<status status="PASS" starttime="20230704 12:47:00.330" endtime="20230704 12:47:01.346"/>
</kw>
<kw name="Input Password" library="AppiumLibrary">
<arg>xpath=//hierarchy/android.widget.FrameLayout/android.widget.LinearLayout/android.widget.FrameLayout/android.widget.LinearLayout/android.widget.FrameLayout/android.widget.FrameLayout/android.widget.FrameLayout/android.widget.FrameLayout/android.view.ViewGroup/android.view.ViewGroup/android.view.ViewGroup/android.view.ViewGroup/android.view.ViewGroup/android.view.ViewGroup/android.view.ViewGroup/android.view.ViewGroup/android.view.ViewGroup/android.view.ViewGroup[1]/android.view.ViewGroup[2]/android.view.ViewGroup/android.widget.EditText</arg>
<arg>BtNMJU</arg>
<doc>Types the given password into text field identified by `locator`.</doc>
<msg timestamp="20230704 12:47:01.348" level="INFO">Typing password into text field 'xpath=//hierarchy/android.widget.FrameLayout/android.widget.LinearLayout/android.widget.FrameLayout/android.widget.LinearLayout/android.widget.FrameLayout/android.widget.FrameLayout/android.widget.FrameLayout/android.widget.FrameLayout/android.view.ViewGroup/android.view.ViewGroup/android.view.ViewGroup/android.view.ViewGroup/android.view.ViewGroup/android.view.ViewGroup/android.view.ViewGroup/android.view.ViewGroup/android.view.ViewGroup/android.view.ViewGroup[1]/android.view.ViewGroup[2]/android.view.ViewGroup/android.widget.EditText'</msg>
<msg timestamp="20230704 12:47:01.878" level="INFO">xpath criteria: //hierarchy/android.widget.FrameLayout/android.widget.LinearLayout/android.widget.FrameLayout/android.widget.LinearLayout/android.widget.FrameLayout/android.widget.FrameLayout/android.widget.FrameLayout/android.widget.FrameLayout/android.view.ViewGroup/android.view.ViewGroup/android.view.ViewGroup/android.view.ViewGroup/android.view.ViewGroup/android.view.ViewGroup/android.view.ViewGroup/android.view.ViewGroup/android.view.ViewGroup/android.view.ViewGroup[1]/android.view.ViewGroup[2]/android.view.ViewGroup/android.widget.EditText</msg>
<status status="PASS" starttime="20230704 12:47:01.346" endtime="20230704 12:47:01.879"/>
</kw>
<kw name="Click Element" library="AppiumLibrary">
<arg>xpath=//hierarchy/android.widget.FrameLayout/android.widget.LinearLayout/android.widget.FrameLayout/android.widget.LinearLayout/android.widget.FrameLayout/android.widget.FrameLayout/android.widget.FrameLayout/android.widget.FrameLayout/android.view.ViewGroup/android.view.ViewGroup/android.view.ViewGroup/android.view.ViewGroup/android.view.ViewGroup/android.view.ViewGroup/android.view.ViewGroup/android.view.ViewGroup/android.view.ViewGroup/android.view.ViewGroup[2]</arg>
<doc>Click element identified by `locator`.</doc>
<msg timestamp="20230704 12:47:01.887" level="INFO">Clicking element 'xpath=//hierarchy/android.widget.FrameLayout/android.widget.LinearLayout/android.widget.FrameLayout/android.widget.LinearLayout/android.widget.FrameLayout/android.widget.FrameLayout/android.widget.FrameLayout/android.widget.FrameLayout/android.view.ViewGroup/android.view.ViewGroup/android.view.ViewGroup/android.view.ViewGroup/android.view.ViewGroup/android.view.ViewGroup/android.view.ViewGroup/android.view.ViewGroup/android.view.ViewGroup/android.view.ViewGroup[2]'.</msg>
<msg timestamp="20230704 12:47:02.493" level="INFO">xpath criteria: //hierarchy/android.widget.FrameLayout/android.widget.LinearLayout/android.widget.FrameLayout/android.widget.LinearLayout/android.widget.FrameLayout/android.widget.FrameLayout/android.widget.FrameLayout/android.widget.FrameLayout/android.view.ViewGroup/android.view.ViewGroup/android.view.ViewGroup/android.view.ViewGroup/android.view.ViewGroup/android.view.ViewGroup/android.view.ViewGroup/android.view.ViewGroup/android.view.ViewGroup/android.view.ViewGroup[2]</msg>
<status status="PASS" starttime="20230704 12:47:01.880" endtime="20230704 12:47:02.493"/>
</kw>
<status status="PASS" starttime="20230704 12:47:00.330" endtime="20230704 12:47:02.494"/>
</kw>
<kw name="Go to Boiling Detail Page">
<kw name="Wait Until Page Contains" library="AppiumLibrary">
<arg>Dashboard</arg>
<doc>Waits until `text` appears on current page.</doc>
<status status="PASS" starttime="20230704 12:47:02.495" endtime="20230704 12:47:04.345"/>
</kw>
<kw name="Wait Until Page Contains" library="AppiumLibrary">
<arg>Boiling</arg>
<doc>Waits until `text` appears on current page.</doc>
<status status="PASS" starttime="20230704 12:47:04.345" endtime="20230704 12:47:04.463"/>
</kw>
<kw name="Click Element" library="AppiumLibrary">
<arg>xpath=//hierarchy/android.widget.FrameLayout/android.widget.LinearLayout/android.widget.FrameLayout/android.widget.LinearLayout/android.widget.FrameLayout/android.widget.FrameLayout/android.widget.FrameLayout/android.widget.FrameLayout/android.view.ViewGroup/android.view.ViewGroup/android.view.ViewGroup/android.view.ViewGroup/android.view.ViewGroup/android.view.ViewGroup/android.view.ViewGroup/android.view.ViewGroup/android.view.ViewGroup/android.view.ViewGroup[1]/android.widget.FrameLayout/android.view.ViewGroup/android.view.ViewGroup/android.view.ViewGroup/android.view.ViewGroup/android.view.ViewGroup/android.view.ViewGroup/android.view.ViewGroup/android.view.ViewGroup/android.view.ViewGroup/android.view.ViewGroup[2]/android.widget.ScrollView/android.view.ViewGroup/android.view.ViewGroup[2]/android.view.ViewGroup/android.view.ViewGroup[1]/android.widget.TextView[2]</arg>
<doc>Click element identified by `locator`.</doc>
<msg timestamp="20230704 12:47:04.465" level="INFO">Clicking element 'xpath=//hierarchy/android.widget.FrameLayout/android.widget.LinearLayout/android.widget.FrameLayout/android.widget.LinearLayout/android.widget.FrameLayout/android.widget.FrameLayout/android.widget.FrameLayout/android.widget.FrameLayout/android.view.ViewGroup/android.view.ViewGroup/android.view.ViewGroup/android.view.ViewGroup/android.view.ViewGroup/android.view.ViewGroup/android.view.ViewGroup/android.view.ViewGroup/android.view.ViewGroup/android.view.ViewGroup[1]/android.widget.FrameLayout/android.view.ViewGroup/android.view.ViewGroup/android.view.ViewGroup/android.view.ViewGroup/android.view.ViewGroup/android.view.ViewGroup/android.view.ViewGroup/android.view.ViewGroup/android.view.ViewGroup/android.view.ViewGroup[2]/android.widget.ScrollView/android.view.ViewGroup/android.view.ViewGroup[2]/android.view.ViewGroup/android.view.ViewGroup[1]/android.widget.TextView[2]'.</msg>
<msg timestamp="20230704 12:47:04.615" level="INFO">xpath criteria: //hierarchy/android.widget.FrameLayout/android.widget.LinearLayout/android.widget.FrameLayout/android.widget.LinearLayout/android.widget.FrameLayout/android.widget.FrameLayout/android.widget.FrameLayout/android.widget.FrameLayout/android.view.ViewGroup/android.view.ViewGroup/android.view.ViewGroup/android.view.ViewGroup/android.view.ViewGroup/android.view.ViewGroup/android.view.ViewGroup/android.view.ViewGroup/android.view.ViewGroup/android.view.ViewGroup[1]/android.widget.FrameLayout/android.view.ViewGroup/android.view.ViewGroup/android.view.ViewGroup/android.view.ViewGroup/android.view.ViewGroup/android.view.ViewGroup/android.view.ViewGroup/android.view.ViewGroup/android.view.ViewGroup/android.view.ViewGroup[2]/android.widget.ScrollView/android.view.ViewGroup/android.view.ViewGroup[2]/android.view.ViewGroup/android.view.ViewGroup[1]/android.widget.TextView[2]</msg>
<status status="PASS" starttime="20230704 12:47:04.463" endtime="20230704 12:47:04.616"/>
</kw>
<kw name="Wait Until Page Contains" library="AppiumLibrary">
<arg>ไม่สำเร็จในเวลา</arg>
<doc>Waits until `text` appears on current page.</doc>
<status status="PASS" starttime="20230704 12:47:04.616" endtime="20230704 12:47:08.244"/>
</kw>
<status status="PASS" starttime="20230704 12:47:02.495" endtime="20230704 12:47:08.245"/>
</kw>
<kw name="Select Work Plan Table">
<kw name="Click Element" library="AppiumLibrary">
<arg>xpath=//android.view.View[@content-desc="Work Plan"]</arg>
<doc>Click element identified by `locator`.</doc>
<msg timestamp="20230704 12:47:08.247" level="INFO">Clicking element 'xpath=//android.view.View[@content-desc="Work Plan"]'.</msg>
<msg timestamp="20230704 12:47:08.409" level="INFO">xpath criteria: //android.view.View[@content-desc="Work Plan"]</msg>
<status status="PASS" starttime="20230704 12:47:08.246" endtime="20230704 12:47:08.409"/>
</kw>
<status status="PASS" starttime="20230704 12:47:08.245" endtime="20230704 12:47:08.410"/>
</kw>
<kw name="Open Remove Worker Page">
<kw name="Click Element" library="AppiumLibrary">
[...]
</kw>
<kw name="Click Element" library="AppiumLibrary">
<arg>xpath=//hierarchy/android.widget.FrameLayout/android.widget.LinearLayout/android.widget.FrameLayout/android.widget.LinearLayout/android.widget.FrameLayout/android.widget.FrameLayout/android.widget.FrameLayout/android.widget.FrameLayout/android.view.ViewGroup/android.view.ViewGroup/android.view.ViewGroup/android.view.ViewGroup/android.view.ViewGroup/android.view.ViewGroup/android.view.ViewGroup/android.view.ViewGroup/android.view.ViewGroup/android.view.ViewGroup[2]</arg>
<doc>Click element identified by `locator`.</doc>
<msg timestamp="20230704 12:47:22.205" level="INFO">Clicking element 'xpath=//hierarchy/android.widget.FrameLayout/android.widget.LinearLayout/android.widget.FrameLayout/android.widget.LinearLayout/android.widget.FrameLayout/android.widget.FrameLayout/android.widget.FrameLayout/android.widget.FrameLayout/android.view.ViewGroup/android.view.ViewGroup/android.view.ViewGroup/android.view.ViewGroup/android.view.ViewGroup/android.view.ViewGroup/android.view.ViewGroup/android.view.ViewGroup/android.view.ViewGroup/android.view.ViewGroup[2]'.</msg>
<msg timestamp="20230704 12:47:23.096" level="INFO">xpath criteria: //hierarchy/android.widget.FrameLayout/android.widget.LinearLayout/android.widget.FrameLayout/android.widget.LinearLayout/android.widget.FrameLayout/android.widget.FrameLayout/android.widget.FrameLayout/android.widget.FrameLayout/android.view.ViewGroup/android.view.ViewGroup/android.view.ViewGroup/android.view.ViewGroup/android.view.ViewGroup/android.view.ViewGroup/android.view.ViewGroup/android.view.ViewGroup/android.view.ViewGroup/android.view.ViewGroup[2]</msg>
<status status="PASS" starttime="20230704 12:47:22.201" endtime="20230704 12:47:23.097"/>
</kw>
<status status="PASS" starttime="20230704 12:47:20.342" endtime="20230704 12:47:23.097"/>
</kw>
<kw name="Go to Boiling Detail Page">
<kw name="Wait Until Page Contains" library="AppiumLibrary">
<arg>Dashboard</arg>
<doc>Waits until `text` appears on current page.</doc>
<status status="PASS" starttime="20230704 12:47:23.099" endtime="20230704 12:47:24.872"/>
</kw>
<kw name="Wait Until Page Contains" library="AppiumLibrary">
<arg>Boiling</arg>
<doc>Waits until `text` appears on current page.</doc>
<status status="PASS" starttime="20230704 12:47:24.873" endtime="20230704 12:47:24.987"/>
</kw>
<kw name="Click Element" library="AppiumLibrary">
<arg>xpath=//hierarchy/android.widget.FrameLayout/android.widget.LinearLayout/android.widget.FrameLayout/android.widget.LinearLayout/android.widget.FrameLayout/android.widget.FrameLayout/android.widget.FrameLayout/android.widget.FrameLayout/android.view.ViewGroup/android.view.ViewGroup/android.view.ViewGroup/android.view.ViewGroup/android.view.ViewGroup/android.view.ViewGroup/android.view.ViewGroup/android.view.ViewGroup/android.view.ViewGroup/android.view.ViewGroup[1]/android.widget.FrameLayout/android.view.ViewGroup/android.view.ViewGroup/android.view.ViewGroup/android.view.ViewGroup/android.view.ViewGroup/android.view.ViewGroup/android.view.ViewGroup/android.view.ViewGroup/android.view.ViewGroup/android.view.ViewGroup[2]/android.widget.ScrollView/android.view.ViewGroup/android.view.ViewGroup[2]/android.view.ViewGroup/android.view.ViewGroup[1]/android.widget.TextView[2]</arg>
<doc>Click element identified by `locator`.</doc>
<msg timestamp="20230704 12:47:24.989" level="INFO">Clicking element 'xpath=//hierarchy/android.widget.FrameLayout/android.widget.LinearLayout/android.widget.FrameLayout/android.widget.LinearLayout/android.widget.FrameLayout/android.widget.FrameLayout/android.widget.FrameLayout/android.widget.FrameLayout/android.view.ViewGroup/android.view.ViewGroup/android.view.ViewGroup/android.view.ViewGroup/android.view.ViewGroup/android.view.ViewGroup/android.view.ViewGroup/android.view.ViewGroup/android.view.ViewGroup/android.view.ViewGroup[1]/android.widget.FrameLayout/android.view.ViewGroup/android.view.ViewGroup/android.view.ViewGroup/android.view.ViewGroup/android.view.ViewGroup/android.view.ViewGroup/android.view.ViewGroup/android.view.ViewGroup/android.view.ViewGroup/android.view.ViewGroup[2]/android.widget.ScrollView/android.view.ViewGroup/android.view.ViewGroup[2]/android.view.ViewGroup/android.view.ViewGroup[1]/android.widget.TextView[2]'.</msg>
<msg timestamp="20230704 12:47:25.148" level="INFO">xpath criteria: //hierarchy/android.widget.FrameLayout/android.widget.LinearLayout/android.widget.FrameLayout/android.widget.LinearLayout/android.widget.FrameLayout/android.widget.FrameLayout/android.widget.FrameLayout/android.widget.FrameLayout/android.view.ViewGroup/android.view.ViewGroup/android.view.ViewGroup/android.view.ViewGroup/android.view.ViewGroup/android.view.ViewGroup/android.view.ViewGroup/android.view.ViewGroup/android.view.ViewGroup/android.view.ViewGroup[1]/android.widget.FrameLayout/android.view.ViewGroup/android.view.ViewGroup/android.view.ViewGroup/android.view.ViewGroup/android.view.ViewGroup/android.view.ViewGroup/android.view.ViewGroup/android.view.ViewGroup/android.view.ViewGroup/android.view.ViewGroup[2]/android.widget.ScrollView/android.view.ViewGroup/android.view.ViewGroup[2]/android.view.ViewGroup/android.view.ViewGroup[1]/android.widget.TextView[2]</msg>
<status status="PASS" starttime="20230704 12:47:24.987" endtime="20230704 12:47:25.148"/>
</kw>
<kw name="Wait Until Page Contains" library="AppiumLibrary">
<arg>ไม่สำเร็จในเวลา</arg>
<doc>Waits until `text` appears on current page.</doc>
<status status="PASS" starttime="20230704 12:47:25.149" endtime="20230704 12:47:28.637"/>
</kw>
<status status="PASS" starttime="20230704 12:47:23.098" endtime="20230704 12:47:28.638"/>
</kw>
<kw name="Select Work Plan Table">
<kw name="Click Element" library="AppiumLibrary">
<arg>xpath=//android.view.View[@content-desc="Work Plan"]</arg>
<doc>Click element identified by `locator`.</doc>
<msg timestamp="20230704 12:47:28.641" level="INFO">Clicking element 'xpath=//android.view.View[@content-desc="Work Plan"]'.</msg>
<msg timestamp="20230704 12:47:28.810" level="INFO">xpath criteria: //android.view.View[@content-desc="Work Plan"]</msg>
<status status="PASS" starttime="20230704 12:47:28.639" endtime="20230704 12:47:28.811"/>
</kw>
<status status="PASS" starttime="20230704 12:47:28.638" endtime="20230704 12:47:28.813"/>
</kw>
<kw name="Open Remove Worker Page">
<kw name="Click Element" library="AppiumLibrary">
<arg>xpath=//hierarchy/android.widget.FrameLayout/android.widget.LinearLayout/android.widget.FrameLayout/android.widget.LinearLayout/android.widget.FrameLayout/android.widget.FrameLayout/android.widget.FrameLayout/android.widget.FrameLayout/android.view.ViewGroup/android.view.ViewGroup/android.view.ViewGroup/android.view.ViewGroup/android.view.ViewGroup/android.view.ViewGroup/android.view.ViewGroup/android.view.ViewGroup/android.view.ViewGroup/android.view.ViewGroup[1]/android.widget.FrameLayout/android.view.ViewGroup/android.view.ViewGroup/android.view.ViewGroup/android.view.ViewGroup/android.view.ViewGroup/android.view.ViewGroup/android.view.ViewGroup/android.view.ViewGroup/android.view.ViewGroup/android.view.ViewGroup/android.view.ViewGroup[3]/android.view.ViewGroup[2]/android.view.ViewGroup[2]/android.widget.Button</arg>
<doc>Click element identified by `locator`.</doc>
<msg timestamp="20230704 12:47:28.828" level="INFO">Clicking element 'xpath=//hierarchy/android.widget.FrameLayout/android.widget.LinearLayout/android.widget.FrameLayout/android.widget.LinearLayout/android.widget.FrameLayout/android.widget.FrameLayout/android.widget.FrameLayout/android.widget.FrameLayout/android.view.ViewGroup/android.view.ViewGroup/android.view.ViewGroup/android.view.ViewGroup/android.view.ViewGroup/android.view.ViewGroup/android.view.ViewGroup/android.view.ViewGroup/android.view.ViewGroup/android.view.ViewGroup[1]/android.widget.FrameLayout/android.view.ViewGroup/android.view.ViewGroup/android.view.ViewGroup/android.view.ViewGroup/android.view.ViewGroup/android.view.ViewGroup/android.view.ViewGroup/android.view.ViewGroup/android.view.ViewGroup/android.view.ViewGroup/android.view.ViewGroup[3]/android.view.ViewGroup[2]/android.view.ViewGroup[2]/android.widget.Button'.</msg>
<msg timestamp="20230704 12:47:29.111" level="INFO">xpath criteria: //hierarchy/android.widget.FrameLayout/android.widget.LinearLayout/android.widget.FrameLayout/android.widget.LinearLayout/android.widget.FrameLayout/android.widget.FrameLayout/android.widget.FrameLayout/android.widget.FrameLayout/android.view.ViewGroup/android.view.ViewGroup/android.view.ViewGroup/android.view.ViewGroup/android.view.ViewGroup/android.view.ViewGroup/android.view.ViewGroup/android.view.ViewGroup/android.view.ViewGroup/android.view.ViewGroup[1]/android.widget.FrameLayout/android.view.ViewGroup/android.view.ViewGroup/android.view.ViewGroup/android.view.ViewGroup/android.view.ViewGroup/android.view.ViewGroup/android.view.ViewGroup/android.view.ViewGroup/android.view.ViewGroup/android.view.ViewGroup/android.view.ViewGroup[3]/android.view.ViewGroup[2]/android.view.ViewGroup[2]/android.widget.Button</msg>
<status status="PASS" starttime="20230704 12:47:28.817" endtime="20230704 12:47:29.111"/>
</kw>
<kw name="Wait Until Page Contains" library="AppiumLibrary">
<arg>พนักงาน</arg>
<doc>Waits until `text` appears on current page.</doc>
<status status="PASS" starttime="20230704 12:47:29.112" endtime="20230704 12:47:30.953"/>
</kw>
<status status="PASS" starttime="20230704 12:47:28.814" endtime="20230704 12:47:30.954"/>
</kw>
<kw name="Search Worker by Search-bar">
<arg>Cece Kunisch</arg>
<kw name="Input Text" library="AppiumLibrary">
<arg>xpath=//hierarchy/android.widget.FrameLayout/android.widget.LinearLayout/android.widget.FrameLayout/android.widget.FrameLayout/android.view.ViewGroup/android.view.ViewGroup/android.view.ViewGroup/android.view.ViewGroup/android.view.ViewGroup[2]/android.view.ViewGroup/android.view.ViewGroup/android.view.ViewGroup[2]/android.view.ViewGroup[1]/android.widget.HorizontalScrollView/android.view.ViewGroup/android.view.ViewGroup/android.view.ViewGroup/android.view.ViewGroup[1]/android.view.ViewGroup/android.view.ViewGroup/android.widget.EditText</arg>
<arg>${text}</arg>
<doc>Types the given `text` into text field identified by `locator`.</doc>
<msg timestamp="20230704 12:47:30.956" level="INFO">Typing text 'Cece Kunisch' into text field 'xpath=//hierarchy/android.widget.FrameLayout/android.widget.LinearLayout/android.widget.FrameLayout/android.widget.FrameLayout/android.view.ViewGroup/android.view.ViewGroup/android.view.ViewGroup/android.view.ViewGroup/android.view.ViewGroup[2]/android.view.ViewGroup/android.view.ViewGroup/android.view.ViewGroup[2]/android.view.ViewGroup[1]/android.widget.HorizontalScrollView/android.view.ViewGroup/android.view.ViewGroup/android.view.ViewGroup/android.view.ViewGroup[1]/android.view.ViewGroup/android.view.ViewGroup/android.widget.EditText'</msg>
<msg timestamp="20230704 12:47:31.536" level="INFO">xpath criteria: //hierarchy/android.widget.FrameLayout/android.widget.LinearLayout/android.widget.FrameLayout/android.widget.FrameLayout/android.view.ViewGroup/android.view.ViewGroup/android.view.ViewGroup/android.view.ViewGroup/android.view.ViewGroup[2]/android.view.ViewGroup/android.view.ViewGroup/android.view.ViewGroup[2]/android.view.ViewGroup[1]/android.widget.HorizontalScrollView/android.view.ViewGroup/android.view.ViewGroup/android.view.ViewGroup/android.view.ViewGroup[1]/android.view.ViewGroup/android.view.ViewGroup/android.widget.EditText</msg>
<status status="PASS" starttime="20230704 12:47:30.955" endtime="20230704 12:47:31.537"/>
</kw>
<kw name="Page Should Contain Text" library="AppiumLibrary">
<arg>${text}</arg>
<doc>Verifies that current page contains `text`.</doc>
<msg timestamp="20230704 12:47:32.543" level="INFO">Current page contains text 'Cece Kunisch'.</msg>
<status status="PASS" starttime="20230704 12:47:31.540" endtime="20230704 12:47:32.543"/>
</kw>
<status status="PASS" starttime="20230704 12:47:30.954" endtime="20230704 12:47:32.543"/>
</kw>
<kw name="Select 1 Worker">
<kw name="Click Element" library="AppiumLibrary">
<arg>xpath=//hierarchy/android.widget.FrameLayout/android.widget.LinearLayout/android.widget.FrameLayout/android.widget.FrameLayout/android.view.ViewGroup/android.view.ViewGroup/android.view.ViewGroup/android.view.ViewGroup/android.view.ViewGroup[2]/android.view.ViewGroup/android.view.ViewGroup/android.view.ViewGroup[2]/android.view.ViewGroup[1]/android.widget.HorizontalScrollView/android.view.ViewGroup/android.view.ViewGroup/android.view.ViewGroup/android.widget.ScrollView/android.view.ViewGroup/android.view.ViewGroup[1]/android.view.ViewGroup/android.view.ViewGroup[1]/android.widget.CheckBox/android.view.ViewGroup/android.widget.TextView</arg>
<doc>Click element identified by `locator`.</doc>
<msg timestamp="20230704 12:47:32.546" level="INFO">Clicking element 'xpath=//hierarchy/android.widget.FrameLayout/android.widget.LinearLayout/android.widget.FrameLayout/android.widget.FrameLayout/android.view.ViewGroup/android.view.ViewGroup/android.view.ViewGroup/android.view.ViewGroup/android.view.ViewGroup[2]/android.view.ViewGroup/android.view.ViewGroup/android.view.ViewGroup[2]/android.view.ViewGroup[1]/android.widget.HorizontalScrollView/android.view.ViewGroup/android.view.ViewGroup/android.view.ViewGroup/android.widget.ScrollView/android.view.ViewGroup/android.view.ViewGroup[1]/android.view.ViewGroup/android.view.ViewGroup[1]/android.widget.CheckBox/android.view.ViewGroup/android.widget.TextView'.</msg>
<msg timestamp="20230704 12:47:32.640" level="INFO">xpath criteria: //hierarchy/android.widget.FrameLayout/android.widget.LinearLayout/android.widget.FrameLayout/android.widget.FrameLayout/android.view.ViewGroup/android.view.ViewGroup/android.view.ViewGroup/android.view.ViewGroup/android.view.ViewGroup[2]/android.view.ViewGroup/android.view.ViewGroup/android.view.ViewGroup[2]/android.view.ViewGroup[1]/android.widget.HorizontalScrollView/android.view.ViewGroup/android.view.ViewGroup/android.view.ViewGroup/android.widget.ScrollView/android.view.ViewGroup/android.view.ViewGroup[1]/android.view.ViewGroup/android.view.ViewGroup[1]/android.widget.CheckBox/android.view.ViewGroup/android.widget.TextView</msg>
<status status="PASS" starttime="20230704 12:47:32.544" endtime="20230704 12:47:32.640"/>
</kw>
<status status="PASS" starttime="20230704 12:47:32.544" endtime="20230704 12:47:32.640"/>
</kw>
<kw name="Go to Confirm Page">
<kw name="Wait Until Page Contains" library="AppiumLibrary">
<arg>Next</arg>
<doc>Waits until `text` appears on current page.</doc>
<status status="PASS" starttime="20230704 12:47:32.642" endtime="20230704 12:47:32.706"/>
</kw>
<kw name="Click Text" library="AppiumLibrary">
<arg>Next</arg>
<doc>Click text identified by ``text``.</doc>
<msg timestamp="20230704 12:47:32.807" level="INFO">xpath criteria: //*[contains(@text,"Next")]</msg>
<status status="PASS" starttime="20230704 12:47:32.706" endtime="20230704 12:47:32.807"/>
</kw>
<status status="PASS" starttime="20230704 12:47:32.641" endtime="20230704 12:47:32.807"/>
</kw>
<kw name="Confirm Remove Worker">
<kw name="Wait Until Page Contains" library="AppiumLibrary">
<arg>Confirm</arg>
<doc>Waits until `text` appears on current page.</doc>
<status status="PASS" starttime="20230704 12:47:32.809" endtime="20230704 12:47:34.555"/>
</kw>
<kw name="Click Text" library="AppiumLibrary">
<arg>Confirm</arg>
<doc>Click text identified by ``text``.</doc>
<msg timestamp="20230704 12:47:34.664" level="INFO">xpath criteria: //*[contains(@text,"Confirm")]</msg>
<status status="PASS" starttime="20230704 12:47:34.556" endtime="20230704 12:47:34.665"/>
</kw>
<status status="PASS" starttime="20230704 12:47:32.808" endtime="20230704 12:47:34.665"/>
</kw>
<kw name="See Notification Text">
<arg>Remove worker successful</arg>
<kw name="Wait Until Page Contains" library="AppiumLibrary">
<arg>${text}</arg>
<doc>Waits until `text` appears on current page.</doc>
<status status="PASS" starttime="20230704 12:47:34.666" endtime="20230704 12:47:36.842"/>
</kw>
<kw name="Page Should Contain Text" library="AppiumLibrary">
<arg>${text}</arg>
<doc>Verifies that current page contains `text`.</doc>
<msg timestamp="20230704 12:47:36.939" level="INFO">Current page contains text 'Remove worker successful'.</msg>
<status status="PASS" starttime="20230704 12:47:36.842" endtime="20230704 12:47:36.939"/>
</kw>
<status status="PASS" starttime="20230704 12:47:34.666" endtime="20230704 12:47:36.939"/>
</kw>
<kw name="Log-out">
<kw name="Click Element" library="AppiumLibrary">
<arg>xpath=//hierarchy/android.widget.FrameLayout/android.widget.LinearLayout/android.widget.FrameLayout/android.widget.LinearLayout/android.widget.FrameLayout/android.widget.FrameLayout/android.widget.FrameLayout/android.widget.FrameLayout/android.view.ViewGroup/android.view.ViewGroup/android.view.ViewGroup/android.view.ViewGroup/android.view.ViewGroup/android.view.ViewGroup/android.view.ViewGroup/android.view.ViewGroup/android.view.ViewGroup/android.view.ViewGroup[1]/android.widget.FrameLayout/android.view.ViewGroup/android.view.ViewGroup/android.view.ViewGroup/android.view.ViewGroup/android.view.ViewGroup/android.view.ViewGroup/android.widget.LinearLayout/android.view.ViewGroup/android.view.ViewGroup/android.view.ViewGroup/android.view.ViewGroup/android.widget.Button/android.view.ViewGroup/android.widget.TextView</arg>
<doc>Click element identified by `locator`.</doc>
<msg timestamp="20230704 12:47:36.942" level="INFO">Clicking element 'xpath=//hierarchy/android.widget.FrameLayout/android.widget.LinearLayout/android.widget.FrameLayout/android.widget.LinearLayout/android.widget.FrameLayout/android.widget.FrameLayout/android.widget.FrameLayout/android.widget.FrameLayout/android.view.ViewGroup/android.view.ViewGroup/android.view.ViewGroup/android.view.ViewGroup/android.view.ViewGroup/android.view.ViewGroup/android.view.ViewGroup/android.view.ViewGroup/android.view.ViewGroup/android.view.ViewGroup[1]/android.widget.FrameLayout/android.view.ViewGroup/android.view.ViewGroup/android.view.ViewGroup/android.view.ViewGroup/android.view.ViewGroup/android.view.ViewGroup/android.widget.LinearLayout/android.view.ViewGroup/android.view.ViewGroup/android.view.ViewGroup/android.view.ViewGroup/android.widget.Button/android.view.ViewGroup/android.widget.TextView'.</msg>
<msg timestamp="20230704 12:47:37.056" level="INFO">xpath criteria: //hierarchy/android.widget.FrameLayout/android.widget.LinearLayout/android.widget.FrameLayout/android.widget.LinearLayout/android.widget.FrameLayout/android.widget.FrameLayout/android.widget.FrameLayout/android.widget.FrameLayout/android.view.ViewGroup/android.view.ViewGroup/android.view.ViewGroup/android.view.ViewGroup/android.view.ViewGroup/android.view.ViewGroup/android.view.ViewGroup/android.view.ViewGroup/android.view.ViewGroup/android.view.ViewGroup[1]/android.widget.FrameLayout/android.view.ViewGroup/android.view.ViewGroup/android.view.ViewGroup/android.view.ViewGroup/android.view.ViewGroup/android.view.ViewGroup/android.widget.LinearLayout/android.view.ViewGroup/android.view.ViewGroup/android.view.ViewGroup/android.view.ViewGroup/android.widget.Button/android.view.ViewGroup/android.widget.TextView</msg>
<status status="PASS" starttime="20230704 12:47:36.940" endtime="20230704 12:47:37.057"/>
</kw>
<status status="PASS" starttime="20230704 12:47:36.940" endtime="20230704 12:47:37.057"/>
</kw>
<status status="PASS" starttime="20230704 12:47:15.645" endtime="20230704 12:47:37.058"/>
</test>
<status status="PASS" starttime="20230704 12:45:55.561" endtime="20230704 12:47:37.059"/>
</suite>
<statistics>
<total>
<stat pass="5" fail="0" skip="0">All Tests</stat>
</total>
<tag>
</tag>
<suite>
<stat pass="5" fail="0" skip="0" id="s1" name="3 Dep Details Remove Worker">3 Dep Details Remove Worker</stat>
</suite>
</statistics>
<errors>
</errors>
</robot>
